array(2) {
  ["vbox_id"]=>
  string(2) "39"
  ["base_image_id"]=>
  string(1) "1"
}
PHP Notice:  Undefined index: snapshot in /var/www/html/lgsm-ui/include/phpvirtualbox/endpoints/lib/vboxconnector.php on line 1353
PHP Warning:  Missing argument 4 for IVirtualBox::composeMachineFilename(), called in /var/www/html/lgsm-ui/include/phpvirtualbox/endpoints/lib/vboxconnector.php on line 1361 and defined in /var/www/html/lgsm-ui/include/phpvirtualbox/endpoints/lib/vboxServiceWrappers.php on line 822
PHP Notice:  Undefined variable: arg_baseFolder in /var/www/html/lgsm-ui/include/phpvirtualbox/endpoints/lib/vboxServiceWrappers.php on line 829
PHP Notice:  Undefined index: link in /var/www/html/lgsm-ui/include/phpvirtualbox/endpoints/lib/vboxconnector.php on line 1371
PHP Notice:  Trying to get property of non-object in /var/www/html/lgsm-ui/include/phpvirtualbox/endpoints/lib/vboxconnector.php on line 5508
PHP Notice:  Undefined index: sessionHandle in /var/www/html/lgsm-ui/include/phpvirtualbox/endpoints/lib/vboxconnector.php on line 2369
PHP Notice:  Undefined variable: pop in /var/www/html/lgsm-ui/include/phpvirtualbox/endpoints/lib/vboxconnector.php on line 2390
PHP Notice:  Undefined index: sessionHandle in /var/www/html/lgsm-ui/include/phpvirtualbox/endpoints/lib/vboxconnector.php on line 2369
PHP Notice:  Undefined variable: pop in /var/www/html/lgsm-ui/include/phpvirtualbox/endpoints/lib/vboxconnector.php on line 2390
PHP Notice:  Undefined index: sessionHandle in /var/www/html/lgsm-ui/include/phpvirtualbox/endpoints/lib/vboxconnector.php on line 2369
PHP Notice:  Undefined variable: pop in /var/www/html/lgsm-ui/include/phpvirtualbox/endpoints/lib/vboxconnector.php on line 2390
PHP Notice:  Undefined variable: pop in /var/www/html/lgsm-ui/include/phpvirtualbox/endpoints/lib/vboxconnector.php on line 2433
PHP Notice:  Trying to get property of non-object in /var/www/html/lgsm-ui/include/phpvirtualbox/endpoints/lib/vboxconnector.php on line 2484
PHP Notice:  Undefined property: stdClass::$names in /var/www/html/lgsm-ui/include/phpvirtualbox/endpoints/lib/vboxServiceWrappers.php on line 2487
PHP Notice:  Undefined property: stdClass::$values in /var/www/html/lgsm-ui/include/phpvirtualbox/endpoints/lib/vboxServiceWrappers.php on line 2487
PHP Notice:  Undefined property: stdClass::$timestamps in /var/www/html/lgsm-ui/include/phpvirtualbox/endpoints/lib/vboxServiceWrappers.php on line 2487
PHP Notice:  Undefined property: stdClass::$flags in /var/www/html/lgsm-ui/include/phpvirtualbox/endpoints/lib/vboxServiceWrappers.php on line 2487
PHP Notice:  Undefined offset: 0 in /var/www/html/lgsm-ui/app/protected/class/gearman/deploy.php on line 151
PHP Notice:  Undefined property: stdClass::$names in /var/www/html/lgsm-ui/include/phpvirtualbox/endpoints/lib/vboxServiceWrappers.php on line 2487
PHP Notice:  Undefined property: stdClass::$values in /var/www/html/lgsm-ui/include/phpvirtualbox/endpoints/lib/vboxServiceWrappers.php on line 2487
PHP Notice:  Undefined property: stdClass::$timestamps in /var/www/html/lgsm-ui/include/phpvirtualbox/endpoints/lib/vboxServiceWrappers.php on line 2487
PHP Notice:  Undefined property: stdClass::$flags in /var/www/html/lgsm-ui/include/phpvirtualbox/endpoints/lib/vboxServiceWrappers.php on line 2487
PHP Notice:  Undefined offset: 0 in /var/www/html/lgsm-ui/app/protected/class/gearman/deploy.php on line 151
PHP Notice:  Undefined property: stdClass::$names in /var/www/html/lgsm-ui/include/phpvirtualbox/endpoints/lib/vboxServiceWrappers.php on line 2487
PHP Notice:  Undefined property: stdClass::$values in /var/www/html/lgsm-ui/include/phpvirtualbox/endpoints/lib/vboxServiceWrappers.php on line 2487
PHP Notice:  Undefined property: stdClass::$timestamps in /var/www/html/lgsm-ui/include/phpvirtualbox/endpoints/lib/vboxServiceWrappers.php on line 2487
PHP Notice:  Undefined property: stdClass::$flags in /var/www/html/lgsm-ui/include/phpvirtualbox/endpoints/lib/vboxServiceWrappers.php on line 2487
PHP Notice:  Undefined offset: 0 in /var/www/html/lgsm-ui/app/protected/class/gearman/deploy.php on line 151
PHP Notice:  Undefined property: stdClass::$names in /var/www/html/lgsm-ui/include/phpvirtualbox/endpoints/lib/vboxServiceWrappers.php on line 2487
PHP Notice:  Undefined property: stdClass::$values in /var/www/html/lgsm-ui/include/phpvirtualbox/endpoints/lib/vboxServiceWrappers.php on line 2487
PHP Notice:  Undefined property: stdClass::$timestamps in /var/www/html/lgsm-ui/include/phpvirtualbox/endpoints/lib/vboxServiceWrappers.php on line 2487
PHP Notice:  Undefined property: stdClass::$flags in /var/www/html/lgsm-ui/include/phpvirtualbox/endpoints/lib/vboxServiceWrappers.php on line 2487
PHP Notice:  Undefined offset: 0 in /var/www/html/lgsm-ui/app/protected/class/gearman/deploy.php on line 151
PHP Notice:  Undefined property: stdClass::$names in /var/www/html/lgsm-ui/include/phpvirtualbox/endpoints/lib/vboxServiceWrappers.php on line 2487
PHP Notice:  Undefined property: stdClass::$values in /var/www/html/lgsm-ui/include/phpvirtualbox/endpoints/lib/vboxServiceWrappers.php on line 2487
PHP Notice:  Undefined property: stdClass::$timestamps in /var/www/html/lgsm-ui/include/phpvirtualbox/endpoints/lib/vboxServiceWrappers.php on line 2487
PHP Notice:  Undefined property: stdClass::$flags in /var/www/html/lgsm-ui/include/phpvirtualbox/endpoints/lib/vboxServiceWrappers.php on line 2487
PHP Notice:  Undefined offset: 0 in /var/www/html/lgsm-ui/app/protected/class/gearman/deploy.php on line 151
PHP Notice:  Undefined property: stdClass::$names in /var/www/html/lgsm-ui/include/phpvirtualbox/endpoints/lib/vboxServiceWrappers.php on line 2487
PHP Notice:  Undefined property: stdClass::$values in /var/www/html/lgsm-ui/include/phpvirtualbox/endpoints/lib/vboxServiceWrappers.php on line 2487
PHP Notice:  Undefined property: stdClass::$timestamps in /var/www/html/lgsm-ui/include/phpvirtualbox/endpoints/lib/vboxServiceWrappers.php on line 2487
PHP Notice:  Undefined property: stdClass::$flags in /var/www/html/lgsm-ui/include/phpvirtualbox/endpoints/lib/vboxServiceWrappers.php on line 2487
PHP Notice:  Undefined offset: 0 in /var/www/html/lgsm-ui/app/protected/class/gearman/deploy.php on line 151
PHP Notice:  Undefined property: stdClass::$names in /var/www/html/lgsm-ui/include/phpvirtualbox/endpoints/lib/vboxServiceWrappers.php on line 2487
PHP Notice:  Undefined property: stdClass::$values in /var/www/html/lgsm-ui/include/phpvirtualbox/endpoints/lib/vboxServiceWrappers.php on line 2487
PHP Notice:  Undefined property: stdClass::$timestamps in /var/www/html/lgsm-ui/include/phpvirtualbox/endpoints/lib/vboxServiceWrappers.php on line 2487
PHP Notice:  Undefined property: stdClass::$flags in /var/www/html/lgsm-ui/include/phpvirtualbox/endpoints/lib/vboxServiceWrappers.php on line 2487
PHP Notice:  Undefined offset: 0 in /var/www/html/lgsm-ui/app/protected/class/gearman/deploy.php on line 151
PHP Notice:  Undefined property: stdClass::$names in /var/www/html/lgsm-ui/include/phpvirtualbox/endpoints/lib/vboxServiceWrappers.php on line 2487
PHP Notice:  Undefined property: stdClass::$values in /var/www/html/lgsm-ui/include/phpvirtualbox/endpoints/lib/vboxServiceWrappers.php on line 2487
PHP Notice:  Undefined property: stdClass::$timestamps in /var/www/html/lgsm-ui/include/phpvirtualbox/endpoints/lib/vboxServiceWrappers.php on line 2487
PHP Notice:  Undefined property: stdClass::$flags in /var/www/html/lgsm-ui/include/phpvirtualbox/endpoints/lib/vboxServiceWrappers.php on line 2487
PHP Notice:  Undefined offset: 0 in /var/www/html/lgsm-ui/app/protected/class/gearman/deploy.php on line 151
PHP Notice:  Undefined property: stdClass::$names in /var/www/html/lgsm-ui/include/phpvirtualbox/endpoints/lib/vboxServiceWrappers.php on line 2487
PHP Notice:  Undefined property: stdClass::$values in /var/www/html/lgsm-ui/include/phpvirtualbox/endpoints/lib/vboxServiceWrappers.php on line 2487
PHP Notice:  Undefined property: stdClass::$timestamps in /var/www/html/lgsm-ui/include/phpvirtualbox/endpoints/lib/vboxServiceWrappers.php on line 2487
PHP Notice:  Undefined property: stdClass::$flags in /var/www/html/lgsm-ui/include/phpvirtualbox/endpoints/lib/vboxServiceWrappers.php on line 2487
PHP Notice:  Undefined offset: 0 in /var/www/html/lgsm-ui/app/protected/class/gearman/deploy.php on line 151
PHP Notice:  Undefined property: stdClass::$names in /var/www/html/lgsm-ui/include/phpvirtualbox/endpoints/lib/vboxServiceWrappers.php on line 2487
PHP Notice:  Undefined property: stdClass::$values in /var/www/html/lgsm-ui/include/phpvirtualbox/endpoints/lib/vboxServiceWrappers.php on line 2487
PHP Notice:  Undefined property: stdClass::$timestamps in /var/www/html/lgsm-ui/include/phpvirtualbox/endpoints/lib/vboxServiceWrappers.php on line 2487
PHP Notice:  Undefined property: stdClass::$flags in /var/www/html/lgsm-ui/include/phpvirtualbox/endpoints/lib/vboxServiceWrappers.php on line 2487
PHP Notice:  Undefined offset: 0 in /var/www/html/lgsm-ui/app/protected/class/gearman/deploy.php on line 151
PHP Notice:  Undefined property: stdClass::$names in /var/www/html/lgsm-ui/include/phpvirtualbox/endpoints/lib/vboxServiceWrappers.php on line 2487
PHP Notice:  Undefined property: stdClass::$values in /var/www/html/lgsm-ui/include/phpvirtualbox/endpoints/lib/vboxServiceWrappers.php on line 2487
PHP Notice:  Undefined property: stdClass::$timestamps in /var/www/html/lgsm-ui/include/phpvirtualbox/endpoints/lib/vboxServiceWrappers.php on line 2487
PHP Notice:  Undefined property: stdClass::$flags in /var/www/html/lgsm-ui/include/phpvirtualbox/endpoints/lib/vboxServiceWrappers.php on line 2487
PHP Notice:  Undefined offset: 0 in /var/www/html/lgsm-ui/app/protected/class/gearman/deploy.php on line 151
PHP Notice:  Undefined property: stdClass::$names in /var/www/html/lgsm-ui/include/phpvirtualbox/endpoints/lib/vboxServiceWrappers.php on line 2487
PHP Notice:  Undefined property: stdClass::$values in /var/www/html/lgsm-ui/include/phpvirtualbox/endpoints/lib/vboxServiceWrappers.php on line 2487
PHP Notice:  Undefined property: stdClass::$timestamps in /var/www/html/lgsm-ui/include/phpvirtualbox/endpoints/lib/vboxServiceWrappers.php on line 2487
PHP Notice:  Undefined property: stdClass::$flags in /var/www/html/lgsm-ui/include/phpvirtualbox/endpoints/lib/vboxServiceWrappers.php on line 2487
PHP Notice:  Undefined offset: 0 in /var/www/html/lgsm-ui/app/protected/class/gearman/deploy.php on line 151
PHP Notice:  Undefined property: stdClass::$names in /var/www/html/lgsm-ui/include/phpvirtualbox/endpoints/lib/vboxServiceWrappers.php on line 2487
PHP Notice:  Undefined property: stdClass::$values in /var/www/html/lgsm-ui/include/phpvirtualbox/endpoints/lib/vboxServiceWrappers.php on line 2487
PHP Notice:  Undefined property: stdClass::$timestamps in /var/www/html/lgsm-ui/include/phpvirtualbox/endpoints/lib/vboxServiceWrappers.php on line 2487
PHP Notice:  Undefined property: stdClass::$flags in /var/www/html/lgsm-ui/include/phpvirtualbox/endpoints/lib/vboxServiceWrappers.php on line 2487
PHP Notice:  Undefined offset: 0 in /var/www/html/lgsm-ui/app/protected/class/gearman/deploy.php on line 151
PHP Notice:  Undefined property: stdClass::$names in /var/www/html/lgsm-ui/include/phpvirtualbox/endpoints/lib/vboxServiceWrappers.php on line 2487
PHP Notice:  Undefined property: stdClass::$values in /var/www/html/lgsm-ui/include/phpvirtualbox/endpoints/lib/vboxServiceWrappers.php on line 2487
PHP Notice:  Undefined property: stdClass::$timestamps in /var/www/html/lgsm-ui/include/phpvirtualbox/endpoints/lib/vboxServiceWrappers.php on line 2487
PHP Notice:  Undefined property: stdClass::$flags in /var/www/html/lgsm-ui/include/phpvirtualbox/endpoints/lib/vboxServiceWrappers.php on line 2487
PHP Notice:  Undefined offset: 0 in /var/www/html/lgsm-ui/app/protected/class/gearman/deploy.php on line 151
PHP Notice:  Undefined property: stdClass::$names in /var/www/html/lgsm-ui/include/phpvirtualbox/endpoints/lib/vboxServiceWrappers.php on line 2487
PHP Notice:  Undefined property: stdClass::$values in /var/www/html/lgsm-ui/include/phpvirtualbox/endpoints/lib/vboxServiceWrappers.php on line 2487
PHP Notice:  Undefined property: stdClass::$timestamps in /var/www/html/lgsm-ui/include/phpvirtualbox/endpoints/lib/vboxServiceWrappers.php on line 2487
PHP Notice:  Undefined property: stdClass::$flags in /var/www/html/lgsm-ui/include/phpvirtualbox/endpoints/lib/vboxServiceWrappers.php on line 2487
PHP Notice:  Undefined offset: 0 in /var/www/html/lgsm-ui/app/protected/class/gearman/deploy.php on line 151
PHP Notice:  Undefined property: stdClass::$names in /var/www/html/lgsm-ui/include/phpvirtualbox/endpoints/lib/vboxServiceWrappers.php on line 2487
PHP Notice:  Undefined property: stdClass::$values in /var/www/html/lgsm-ui/include/phpvirtualbox/endpoints/lib/vboxServiceWrappers.php on line 2487
PHP Notice:  Undefined property: stdClass::$timestamps in /var/www/html/lgsm-ui/include/phpvirtualbox/endpoints/lib/vboxServiceWrappers.php on line 2487
PHP Notice:  Undefined property: stdClass::$flags in /var/www/html/lgsm-ui/include/phpvirtualbox/endpoints/lib/vboxServiceWrappers.php on line 2487
PHP Notice:  Undefined offset: 0 in /var/www/html/lgsm-ui/app/protected/class/gearman/deploy.php on line 151
PHP Notice:  Undefined property: stdClass::$names in /var/www/html/lgsm-ui/include/phpvirtualbox/endpoints/lib/vboxServiceWrappers.php on line 2487
PHP Notice:  Undefined property: stdClass::$values in /var/www/html/lgsm-ui/include/phpvirtualbox/endpoints/lib/vboxServiceWrappers.php on line 2487
PHP Notice:  Undefined property: stdClass::$timestamps in /var/www/html/lgsm-ui/include/phpvirtualbox/endpoints/lib/vboxServiceWrappers.php on line 2487
PHP Notice:  Undefined property: stdClass::$flags in /var/www/html/lgsm-ui/include/phpvirtualbox/endpoints/lib/vboxServiceWrappers.php on line 2487
PHP Notice:  Undefined offset: 0 in /var/www/html/lgsm-ui/app/protected/class/gearman/deploy.php on line 151
PHP Notice:  Undefined property: stdClass::$names in /var/www/html/lgsm-ui/include/phpvirtualbox/endpoints/lib/vboxServiceWrappers.php on line 2487
PHP Notice:  Undefined property: stdClass::$values in /var/www/html/lgsm-ui/include/phpvirtualbox/endpoints/lib/vboxServiceWrappers.php on line 2487
PHP Notice:  Undefined property: stdClass::$timestamps in /var/www/html/lgsm-ui/include/phpvirtualbox/endpoints/lib/vboxServiceWrappers.php on line 2487
PHP Notice:  Undefined property: stdClass::$flags in /var/www/html/lgsm-ui/include/phpvirtualbox/endpoints/lib/vboxServiceWrappers.php on line 2487
PHP Notice:  Undefined offset: 0 in /var/www/html/lgsm-ui/app/protected/class/gearman/deploy.php on line 151
PHP Notice:  Undefined property: stdClass::$names in /var/www/html/lgsm-ui/include/phpvirtualbox/endpoints/lib/vboxServiceWrappers.php on line 2487
PHP Notice:  Undefined property: stdClass::$values in /var/www/html/lgsm-ui/include/phpvirtualbox/endpoints/lib/vboxServiceWrappers.php on line 2487
PHP Notice:  Undefined property: stdClass::$timestamps in /var/www/html/lgsm-ui/include/phpvirtualbox/endpoints/lib/vboxServiceWrappers.php on line 2487
PHP Notice:  Undefined property: stdClass::$flags in /var/www/html/lgsm-ui/include/phpvirtualbox/endpoints/lib/vboxServiceWrappers.php on line 2487
PHP Notice:  Undefined offset: 0 in /var/www/html/lgsm-ui/app/protected/class/gearman/deploy.php on line 151
PHP Notice:  Undefined property: stdClass::$names in /var/www/html/lgsm-ui/include/phpvirtualbox/endpoints/lib/vboxServiceWrappers.php on line 2487
PHP Notice:  Undefined property: stdClass::$values in /var/www/html/lgsm-ui/include/phpvirtualbox/endpoints/lib/vboxServiceWrappers.php on line 2487
PHP Notice:  Undefined property: stdClass::$timestamps in /var/www/html/lgsm-ui/include/phpvirtualbox/endpoints/lib/vboxServiceWrappers.php on line 2487
PHP Notice:  Undefined property: stdClass::$flags in /var/www/html/lgsm-ui/include/phpvirtualbox/endpoints/lib/vboxServiceWrappers.php on line 2487
PHP Notice:  Undefined offset: 0 in /var/www/html/lgsm-ui/app/protected/class/gearman/deploy.php on line 151
Loaded plugins: fastestmirror
Determining fastest mirrors
 * base: mirror.cs.pitt.edu
 * epel: mirror.cs.pitt.edu
 * extras: mirror.cisp.com
 * updates: www.gtlib.gatech.edu
Resolving Dependencies
--> Running transaction check
---> Package glibc.i686 0:2.17-106.el7_2.6 will be installed
--> Processing Dependency: libfreebl3.so(NSSRAWHASH_3.12.3) for package: glibc-2.17-106.el7_2.6.i686
--> Processing Dependency: libfreebl3.so for package: glibc-2.17-106.el7_2.6.i686
---> Package libstdc++.i686 0:4.8.5-4.el7 will be installed
--> Processing Dependency: libgcc_s.so.1(GLIBC_2.0) for package: libstdc++-4.8.5-4.el7.i686
--> Processing Dependency: libgcc_s.so.1(GCC_4.2.0) for package: libstdc++-4.8.5-4.el7.i686
--> Processing Dependency: libgcc_s.so.1(GCC_3.3) for package: libstdc++-4.8.5-4.el7.i686
--> Processing Dependency: libgcc_s.so.1(GCC_3.0) for package: libstdc++-4.8.5-4.el7.i686
--> Processing Dependency: libgcc_s.so.1 for package: libstdc++-4.8.5-4.el7.i686
---> Package tmux.x86_64 0:1.8-4.el7 will be installed
--> Processing Dependency: libevent-2.0.so.5()(64bit) for package: tmux-1.8-4.el7.x86_64
--> Running transaction check
---> Package libevent.x86_64 0:2.0.21-4.el7 will be installed
---> Package libgcc.i686 0:4.8.5-4.el7 will be installed
---> Package nss-softokn-freebl.i686 0:3.16.2.3-14.2.el7_2 will be installed
--> Finished Dependency Resolution

Dependencies Resolved

================================================================================
 Package                Arch       Version                    Repository   Size
================================================================================
Installing:
 glibc                  i686       2.17-106.el7_2.6           updates     4.2 M
 libstdc++              i686       4.8.5-4.el7                base        311 k
 tmux                   x86_64     1.8-4.el7                  base        243 k
Installing for dependencies:
 libevent               x86_64     2.0.21-4.el7               base        214 k
 libgcc                 i686       4.8.5-4.el7                base        103 k
 nss-softokn-freebl     i686       3.16.2.3-14.2.el7_2        updates     187 k

Transaction Summary
================================================================================
Install  3 Packages (+3 Dependent packages)

Total download size: 5.2 M
Installed size: 17 M
Downloading packages:
--------------------------------------------------------------------------------
Total                                              2.9 MB/s | 5.2 MB  00:01     
Running transaction check
Running transaction test
Transaction test succeeded
Running transaction
  Installing : libgcc-4.8.5-4.el7.i686                                      1/6 
  Installing : nss-softokn-freebl-3.16.2.3-14.2.el7_2.i686                  2/6 
  Installing : glibc-2.17-106.el7_2.6.i686                                  3/6 
  Installing : libevent-2.0.21-4.el7.x86_64                                 4/6 
  Installing : tmux-1.8-4.el7.x86_64                                        5/6 
  Installing : libstdc++-4.8.5-4.el7.i686                                   6/6 
  Verifying  : libgcc-4.8.5-4.el7.i686                                      1/6 
  Verifying  : tmux-1.8-4.el7.x86_64                                        2/6 
  Verifying  : libevent-2.0.21-4.el7.x86_64                                 3/6 
  Verifying  : glibc-2.17-106.el7_2.6.i686                                  4/6 
  Verifying  : libstdc++-4.8.5-4.el7.i686                                   5/6 
  Verifying  : nss-softokn-freebl-3.16.2.3-14.2.el7_2.i686                  6/6 

Installed:
  glibc.i686 0:2.17-106.el7_2.6           libstdc++.i686 0:4.8.5-4.el7          
  tmux.x86_64 0:1.8-4.el7                

Dependency Installed:
  libevent.x86_64 0:2.0.21-4.el7                   libgcc.i686 0:4.8.5-4.el7   
  nss-softokn-freebl.i686 0:3.16.2.3-14.2.el7_2   

Complete!
    fetching core_dl.sh...[0;32mOK[0m
    fetching core_functions.sh...[0;32mOK[0m
    fetching core_messages.sh...[0;32mOK[0m
    fetching core_getopt.sh...[0;32mOK[0m
    fetching command_install.sh...[0;32mOK[0m
    fetching check.sh...[0;32mOK[0m
    fetching check_root.sh...[0;32mOK[0m
    fetching check_permissions.sh...[0;32mOK[0m
    fetching check_glibc.sh...[0;32mOK[0m
    fetching info_glibc.sh...[0;32mOK[0m
    fetching info_distro.sh...[0;32mOK[0m
    fetching install_header.sh...[0;32mOK[0m
TERM environment variable not set.
=================================
Codename CURE
Linux Game Server Manager
by Daniel Gibbs
Contributors: http://goo.gl/qLmitD
https://gameservermanagers.com
=================================
    fetching install_server_dir.sh...[0;32mOK[0m

Server Directory
=================================

/home/lgsm/linuxgsm/CodenameCURE

mkdir: created directory ‘/home/lgsm/linuxgsm/CodenameCURE/serverfiles’
    fetching install_logs.sh...[0;32mOK[0m

Creating log directories
=================================
mkdir: created directory ‘/home/lgsm/linuxgsm/CodenameCURE/log’
mkdir: created directory ‘/home/lgsm/linuxgsm/CodenameCURE/log/script’
mkdir: created directory ‘/home/lgsm/linuxgsm/CodenameCURE/log/console’
‘/home/lgsm/linuxgsm/CodenameCURE/log/server’ -> ‘/home/lgsm/linuxgsm/CodenameCURE/serverfiles/cure/logs’
    fetching check_deps.sh...[0;32mOK[0m

Checking Dependecies
=================================
[0;32mcurl[0m
[0;32mutil-linux[0m
[0;32mpython[0m
[0;32mfile[0m
[0;32mtmux[0m
[0;32mglibc.i686[0m
[0;32mlibstdc++.i686[0m
    fetching install_steamcmd.sh...[0;32mOK[0m

Installing SteamCMD
=================================
    fetching check_steamcmd.sh...[0;32mOK[0m
mkdir: created directory ‘/home/lgsm/linuxgsm/CodenameCURE/steamcmd’
    fetching steamcmd_linux.tar.gz...[0;32mOK[0m
extracting steamcmd_linux.tar.gz...[0;32mOK[0m
    fetching install_server_files.sh...[0;32mOK[0m

Installing Codename CURE Server
=================================
ERROR: ld.so: object '/usr/libexec/coreutils/libstdbuf.so' from LD_PRELOAD cannot be preloaded: ignored.
Redirecting stderr to '/home/lgsm/Steam/logs/stderr.txt'
ILocalize::AddFile() failed to load file "public/steambootstrapper_english.txt".
[  0%] Checking for available update...
[  0%] Downloading update (0 of 10,285 KB)...
[  0%] Downloading update (500 of 10,285 KB)...
[  4%] Downloading update (1,365 of 10,285 KB)...
[ 13%] Downloading update (2,317 of 10,285 KB)...
[ 22%] Downloading update (2,813 of 10,285 KB)...
[ 27%] Downloading update (3,152 of 10,285 KB)...
[ 30%] Downloading update (3,506 of 10,285 KB)...
[ 34%] Downloading update (3,852 of 10,285 KB)...
[ 37%] Downloading update (4,191 of 10,285 KB)...
[ 40%] Downloading update (4,546 of 10,285 KB)...
[ 44%] Downloading update (4,872 of 10,285 KB)...
[ 47%] Downloading update (5,190 of 10,285 KB)...
[ 50%] Downloading update (5,508 of 10,285 KB)...
[ 53%] Downloading update (5,842 of 10,285 KB)...
[ 56%] Downloading update (6,217 of 10,285 KB)...
[ 60%] Downloading update (6,550 of 10,285 KB)...
[ 63%] Downloading update (6,877 of 10,285 KB)...
[ 66%] Downloading update (7,196 of 10,285 KB)...
[ 69%] Downloading update (7,535 of 10,285 KB)...
[ 73%] Downloading update (7,852 of 10,285 KB)...
[ 76%] Downloading update (8,173 of 10,285 KB)...
[ 79%] Downloading update (8,499 of 10,285 KB)...
[ 82%] Downloading update (8,857 of 10,285 KB)...
[ 86%] Downloading update (9,178 of 10,285 KB)...
[ 89%] Downloading update (9,497 of 10,285 KB)...
[ 92%] Downloading update (9,820 of 10,285 KB)...
[ 95%] Downloading update (10,144 of 10,285 KB)...
[ 98%] Downloading update (10,285 of 10,285 KB)...
[100%] Download Complete.
[----] Applying update...
[----] Extracting package...
[----] Extracting package...
[----] Extracting package...
[----] Installing update...
[----] Installing update...
[----] Installing update...
[----] Cleaning up...
[----] Update complete, launching...
ERROR: ld.so: object '/usr/libexec/coreutils/libstdbuf.so' from LD_PRELOAD cannot be preloaded: ignored.
Redirecting stderr to '/home/lgsm/Steam/logs/stderr.txt'
[  0%] Checking for available updates...
[----] Downloading update (0 of 7,162 KB)...
[  0%] Downloading update (150 of 7,162 KB)...
[  2%] Downloading update (899 of 7,162 KB)...
[ 12%] Downloading update (1,671 of 7,162 KB)...
[ 23%] Downloading update (2,456 of 7,162 KB)...
[ 34%] Downloading update (2,866 of 7,162 KB)...
[ 40%] Downloading update (3,274 of 7,162 KB)...
[ 45%] Downloading update (3,680 of 7,162 KB)...
[ 51%] Downloading update (4,118 of 7,162 KB)...
[ 57%] Downloading update (4,527 of 7,162 KB)...
[ 63%] Downloading update (4,937 of 7,162 KB)...
[ 68%] Downloading update (5,344 of 7,162 KB)...
[ 74%] Downloading update (5,758 of 7,162 KB)...
[ 80%] Downloading update (6,215 of 7,162 KB)...
[ 86%] Downloading update (6,629 of 7,162 KB)...
[ 92%] Downloading update (7,051 of 7,162 KB)...
[ 98%] Downloading update (7,162 of 7,162 KB)...
[100%] Download complete.
[----] Installing update...
[----] Extracting package...
[----] Extracting package...
[----] Extracting package...
[----] Installing update...
[----] Installing update...
[----] Installing update...
[----] Cleaning up...
[----] Update complete, launching Steam...
ERROR: ld.so: object '/usr/libexec/coreutils/libstdbuf.so' from LD_PRELOAD cannot be preloaded: ignored.
Redirecting stderr to '/home/lgsm/Steam/logs/stderr.txt'
[  0%] Checking for available updates...
[----] Verifying installation...
Steam Console Client (c) Valve Corporation
-- type 'quit' to exit --
Loading Steam API...Created shared memory when not owner SteamController_Shared_mem
OK.

Connecting anonymously to Steam Public...Logged in OK
Waiting for license info...OK
 Update state (0x3) reconfiguring, progress: 0.00 (0 / 0)
 Update state (0x11) preallocating, progress: 93.15 (1462900598 / 1570531910)
 Update state (0x61) downloading, progress: 0.82 (12809347 / 1570531910)
 Update state (0x61) downloading, progress: 1.42 (22246531 / 1570531910)
 Update state (0x61) downloading, progress: 2.28 (35878019 / 1570531910)
 Update state (0x61) downloading, progress: 2.95 (46363779 / 1570531910)
 Update state (0x61) downloading, progress: 3.75 (58946691 / 1570531910)
 Update state (0x61) downloading, progress: 4.29 (67335299 / 1570531910)
 Update state (0x61) downloading, progress: 5.16 (80966787 / 1570531910)
 Update state (0x61) downloading, progress: 6.09 (95646851 / 1570531910)
 Update state (0x61) downloading, progress: 7.02 (110326915 / 1570531910)
 Update state (0x61) downloading, progress: 8.23 (129201283 / 1570531910)
 Update state (0x61) downloading, progress: 9.43 (148075651 / 1570531910)
 Update state (0x61) downloading, progress: 10.56 (165901443 / 1570531910)
 Update state (0x61) downloading, progress: 11.59 (181955514 / 1570531910)
 Update state (0x61) downloading, progress: 12.66 (198900719 / 1570531910)
 Update state (0x61) downloading, progress: 13.87 (217775087 / 1570531910)
 Update state (0x61) downloading, progress: 15.54 (243989487 / 1570531910)
 Update state (0x61) downloading, progress: 17.54 (275446767 / 1570531910)
 Update state (0x61) downloading, progress: 19.61 (308053619 / 1570531910)
 Update state (0x61) downloading, progress: 21.48 (337413747 / 1570531910)
 Update state (0x61) downloading, progress: 23.02 (361530995 / 1570531910)
 Update state (0x61) downloading, progress: 24.35 (382502515 / 1570531910)
 Update state (0x61) downloading, progress: 25.68 (403373039 / 1570531910)
 Update state (0x61) downloading, progress: 27.15 (426441711 / 1570531910)
 Update state (0x61) downloading, progress: 28.04 (440435085 / 1570531910)
 Update state (0x61) downloading, progress: 29.18 (458260877 / 1570531910)
 Update state (0x61) downloading, progress: 30.45 (478183821 / 1570531910)
 Update state (0x61) downloading, progress: 31.52 (494961037 / 1570531910)
 Update state (0x61) downloading, progress: 32.38 (508592525 / 1570531910)
 Update state (0x61) downloading, progress: 33.33 (523495947 / 1570531910)
 Update state (0x61) downloading, progress: 34.33 (539224587 / 1570531910)
 Update state (0x61) downloading, progress: 35.20 (552856075 / 1570531910)
 Update state (0x61) downloading, progress: 36.43 (572141553 / 1570531910)
 Update state (0x61) downloading, progress: 37.43 (587870193 / 1570531910)
 Update state (0x61) downloading, progress: 38.57 (605723417 / 1570531910)
 Update state (0x61) downloading, progress: 39.58 (621601957 / 1570531910)
 Update state (0x61) downloading, progress: 40.69 (639080328 / 1570531910)
 Update state (0x61) downloading, progress: 42.16 (662149000 / 1570531910)
 Update state (0x61) downloading, progress: 43.95 (690263000 / 1570531910)
 Update state (0x61) downloading, progress: 45.29 (711234520 / 1570531910)
 Update state (0x61) downloading, progress: 46.22 (725914584 / 1570531910)
 Update state (0x61) downloading, progress: 47.43 (744907662 / 1570531910)
 Update state (0x61) downloading, progress: 48.51 (761882442 / 1570531910)
 Update state (0x61) downloading, progress: 49.85 (782853962 / 1570531910)
 Update state (0x61) downloading, progress: 51.11 (802683034 / 1570531910)
 Update state (0x61) downloading, progress: 52.04 (817363098 / 1570531910)
 Update state (0x61) downloading, progress: 53.42 (838949596 / 1570531910)
 Update state (0x61) downloading, progress: 55.06 (864778476 / 1570531910)
 Update state (0x61) downloading, progress: 57.20 (898333007 / 1570531910)
 Update state (0x61) downloading, progress: 59.16 (929106336 / 1570531910)
 Update state (0x61) downloading, progress: 60.39 (948521715 / 1570531910)
 Update state (0x61) downloading, progress: 62.13 (975789037 / 1570531910)
 Update state (0x61) downloading, progress: 63.73 (1000971457 / 1570531910)
 Update state (0x61) downloading, progress: 65.57 (1029804736 / 1570531910)
 Update state (0x61) downloading, progress: 66.91 (1050798787 / 1570531910)
 Update state (0x61) downloading, progress: 68.85 (1081236839 / 1570531910)
 Update state (0x61) downloading, progress: 70.89 (1113353161 / 1570531910)
 Update state (0x61) downloading, progress: 72.37 (1136521985 / 1570531910)
 Update state (0x61) downloading, progress: 74.25 (1166124140 / 1570531910)
 Update state (0x61) downloading, progress: 75.72 (1189192812 / 1570531910)
 Update state (0x61) downloading, progress: 77.46 (1216462561 / 1570531910)
 Update state (0x61) downloading, progress: 79.12 (1242599835 / 1570531910)
 Update state (0x61) downloading, progress: 79.80 (1253318248 / 1570531910)
 Update state (0x61) downloading, progress: 82.22 (1291217190 / 1570531910)
 Update state (0x61) downloading, progress: 83.41 (1309999988 / 1570531910)
 Update state (0x61) downloading, progress: 84.69 (1330076909 / 1570531910)
 Update state (0x61) downloading, progress: 86.29 (1355242733 / 1570531910)
 Update state (0x61) downloading, progress: 87.93 (1381037092 / 1570531910)
 Update state (0x61) downloading, progress: 88.93 (1396672619 / 1570531910)
 Update state (0x61) downloading, progress: 90.11 (1415168758 / 1570531910)
 Update state (0x61) downloading, progress: 91.08 (1430486611 / 1570531910)
 Update state (0x61) downloading, progress: 92.01 (1445068147 / 1570531910)
 Update state (0x61) downloading, progress: 93.39 (1466757661 / 1570531910)
 Update state (0x61) downloading, progress: 93.73 (1472109031 / 1570531910)
 Update state (0x61) downloading, progress: 94.60 (1485770719 / 1570531910)
 Update state (0x61) downloading, progress: 97.80 (1536048119 / 1570531910)
 Update state (0x61) downloading, progress: 100.00 (574682416 / 574682416)
Success! App '383410' fully installed.
    fetching install_config.sh...[0;32mOK[0m

Creating Configs
=================================
downloading lgsm-default.cfg...creating cc-server.cfg config file.
cp: cannot stat ‘/home/lgsm/linuxgsm/CodenameCURE/serverfiles/cure/cfg/lgsm-default.cfg’: No such file or directory
creating server.cfg.
creating redirect.
server.cfg > cc-server.cfg.
changing hostname.
sed: can't read /home/lgsm/linuxgsm/CodenameCURE/serverfiles/cure/cfg/cc-server.cfg: No such file or directory
changing rconpassword.
sed: can't read /home/lgsm/linuxgsm/CodenameCURE/serverfiles/cure/cfg/cc-server.cfg: No such file or directory

    fetching fix.sh...[0;32mOK[0m
    fetching install_complete.sh...[0;32mOK[0m
=================================
Install Complete!

To start server type:
./ccserver start

    fetching command_start.sh...[0;32mOK[0m
    fetching check_system_dir.sh...[0;32mOK[0m
    fetching check_logs.sh...[0;32mOK[0m
    fetching check_ip.sh...[0;32mOK[0m
    fetching check_tmux.sh...[0;32mOK[0m
    fetching check_config.sh...[0;32mOK[0m
[K[[1;33m WARN [0m] Starting cc-server: Config file missing!
/home/lgsm/linuxgsm/CodenameCURE/serverfiles/cure/cfg/cc-server.cfg
    fetching check_status.sh...[0;32mOK[0m
    fetching fix_steamcmd.sh...[0;32mOK[0m
[K[ .... ] Starting cc-server: Applying steamclient.so general fix: Codename CURE[K[[0;36m INFO [0m] Starting cc-server: Applying steamclient.so general fix: Codename CURE[K[[0;32m  OK  [0m] Starting cc-server: Applying steamclient.so general fix: Codename CURE
    fetching fix_glibc.sh...[0;32mOK[0m
    fetching info_config.sh...[0;32mOK[0m
    fetching logs.sh...[0;32mOK[0m
[K[ .... ] Starting cc-server: [0;31mUNAVAILABLE[0m[K[[0;32m  OK  [0m] Starting cc-server: [0;31mUNAVAILABLE[0m
array(2) {
  ["vbox_id"]=>
  string(2) "40"
  ["base_image_id"]=>
  string(1) "1"
}
PHP Notice:  Undefined index: snapshot in /var/www/html/lgsm-ui/include/phpvirtualbox/endpoints/lib/vboxconnector.php on line 1353
PHP Warning:  Missing argument 4 for IVirtualBox::composeMachineFilename(), called in /var/www/html/lgsm-ui/include/phpvirtualbox/endpoints/lib/vboxconnector.php on line 1361 and defined in /var/www/html/lgsm-ui/include/phpvirtualbox/endpoints/lib/vboxServiceWrappers.php on line 822
PHP Notice:  Undefined variable: arg_baseFolder in /var/www/html/lgsm-ui/include/phpvirtualbox/endpoints/lib/vboxServiceWrappers.php on line 829
PHP Notice:  Undefined index: link in /var/www/html/lgsm-ui/include/phpvirtualbox/endpoints/lib/vboxconnector.php on line 1371
PHP Notice:  Trying to get property of non-object in /var/www/html/lgsm-ui/include/phpvirtualbox/endpoints/lib/vboxconnector.php on line 5508
PHP Notice:  Undefined index: sessionHandle in /var/www/html/lgsm-ui/include/phpvirtualbox/endpoints/lib/vboxconnector.php on line 2369
PHP Notice:  Undefined variable: pop in /var/www/html/lgsm-ui/include/phpvirtualbox/endpoints/lib/vboxconnector.php on line 2390
PHP Notice:  Undefined index: sessionHandle in /var/www/html/lgsm-ui/include/phpvirtualbox/endpoints/lib/vboxconnector.php on line 2369
PHP Notice:  Undefined variable: pop in /var/www/html/lgsm-ui/include/phpvirtualbox/endpoints/lib/vboxconnector.php on line 2390
PHP Notice:  Undefined index: sessionHandle in /var/www/html/lgsm-ui/include/phpvirtualbox/endpoints/lib/vboxconnector.php on line 2369
PHP Notice:  Undefined variable: pop in /var/www/html/lgsm-ui/include/phpvirtualbox/endpoints/lib/vboxconnector.php on line 2390
PHP Notice:  Undefined variable: pop in /var/www/html/lgsm-ui/include/phpvirtualbox/endpoints/lib/vboxconnector.php on line 2433
PHP Notice:  Trying to get property of non-object in /var/www/html/lgsm-ui/include/phpvirtualbox/endpoints/lib/vboxconnector.php on line 2484
PHP Notice:  Undefined property: stdClass::$names in /var/www/html/lgsm-ui/include/phpvirtualbox/endpoints/lib/vboxServiceWrappers.php on line 2487
PHP Notice:  Undefined property: stdClass::$values in /var/www/html/lgsm-ui/include/phpvirtualbox/endpoints/lib/vboxServiceWrappers.php on line 2487
PHP Notice:  Undefined property: stdClass::$timestamps in /var/www/html/lgsm-ui/include/phpvirtualbox/endpoints/lib/vboxServiceWrappers.php on line 2487
PHP Notice:  Undefined property: stdClass::$flags in /var/www/html/lgsm-ui/include/phpvirtualbox/endpoints/lib/vboxServiceWrappers.php on line 2487
PHP Notice:  Undefined offset: 0 in /var/www/html/lgsm-ui/app/protected/class/gearman/deploy.php on line 151
PHP Notice:  Undefined property: stdClass::$names in /var/www/html/lgsm-ui/include/phpvirtualbox/endpoints/lib/vboxServiceWrappers.php on line 2487
PHP Notice:  Undefined property: stdClass::$values in /var/www/html/lgsm-ui/include/phpvirtualbox/endpoints/lib/vboxServiceWrappers.php on line 2487
PHP Notice:  Undefined property: stdClass::$timestamps in /var/www/html/lgsm-ui/include/phpvirtualbox/endpoints/lib/vboxServiceWrappers.php on line 2487
PHP Notice:  Undefined property: stdClass::$flags in /var/www/html/lgsm-ui/include/phpvirtualbox/endpoints/lib/vboxServiceWrappers.php on line 2487
PHP Notice:  Undefined offset: 0 in /var/www/html/lgsm-ui/app/protected/class/gearman/deploy.php on line 151
PHP Notice:  Undefined property: stdClass::$names in /var/www/html/lgsm-ui/include/phpvirtualbox/endpoints/lib/vboxServiceWrappers.php on line 2487
PHP Notice:  Undefined property: stdClass::$values in /var/www/html/lgsm-ui/include/phpvirtualbox/endpoints/lib/vboxServiceWrappers.php on line 2487
PHP Notice:  Undefined property: stdClass::$timestamps in /var/www/html/lgsm-ui/include/phpvirtualbox/endpoints/lib/vboxServiceWrappers.php on line 2487
PHP Notice:  Undefined property: stdClass::$flags in /var/www/html/lgsm-ui/include/phpvirtualbox/endpoints/lib/vboxServiceWrappers.php on line 2487
PHP Notice:  Undefined offset: 0 in /var/www/html/lgsm-ui/app/protected/class/gearman/deploy.php on line 151
PHP Notice:  Undefined property: stdClass::$names in /var/www/html/lgsm-ui/include/phpvirtualbox/endpoints/lib/vboxServiceWrappers.php on line 2487
PHP Notice:  Undefined property: stdClass::$values in /var/www/html/lgsm-ui/include/phpvirtualbox/endpoints/lib/vboxServiceWrappers.php on line 2487
PHP Notice:  Undefined property: stdClass::$timestamps in /var/www/html/lgsm-ui/include/phpvirtualbox/endpoints/lib/vboxServiceWrappers.php on line 2487
PHP Notice:  Undefined property: stdClass::$flags in /var/www/html/lgsm-ui/include/phpvirtualbox/endpoints/lib/vboxServiceWrappers.php on line 2487
PHP Notice:  Undefined offset: 0 in /var/www/html/lgsm-ui/app/protected/class/gearman/deploy.php on line 151
PHP Notice:  Undefined property: stdClass::$names in /var/www/html/lgsm-ui/include/phpvirtualbox/endpoints/lib/vboxServiceWrappers.php on line 2487
PHP Notice:  Undefined property: stdClass::$values in /var/www/html/lgsm-ui/include/phpvirtualbox/endpoints/lib/vboxServiceWrappers.php on line 2487
PHP Notice:  Undefined property: stdClass::$timestamps in /var/www/html/lgsm-ui/include/phpvirtualbox/endpoints/lib/vboxServiceWrappers.php on line 2487
PHP Notice:  Undefined property: stdClass::$flags in /var/www/html/lgsm-ui/include/phpvirtualbox/endpoints/lib/vboxServiceWrappers.php on line 2487
PHP Notice:  Undefined offset: 0 in /var/www/html/lgsm-ui/app/protected/class/gearman/deploy.php on line 151
PHP Notice:  Undefined property: stdClass::$names in /var/www/html/lgsm-ui/include/phpvirtualbox/endpoints/lib/vboxServiceWrappers.php on line 2487
PHP Notice:  Undefined property: stdClass::$values in /var/www/html/lgsm-ui/include/phpvirtualbox/endpoints/lib/vboxServiceWrappers.php on line 2487
PHP Notice:  Undefined property: stdClass::$timestamps in /var/www/html/lgsm-ui/include/phpvirtualbox/endpoints/lib/vboxServiceWrappers.php on line 2487
PHP Notice:  Undefined property: stdClass::$flags in /var/www/html/lgsm-ui/include/phpvirtualbox/endpoints/lib/vboxServiceWrappers.php on line 2487
PHP Notice:  Undefined offset: 0 in /var/www/html/lgsm-ui/app/protected/class/gearman/deploy.php on line 151
PHP Notice:  Undefined property: stdClass::$names in /var/www/html/lgsm-ui/include/phpvirtualbox/endpoints/lib/vboxServiceWrappers.php on line 2487
PHP Notice:  Undefined property: stdClass::$values in /var/www/html/lgsm-ui/include/phpvirtualbox/endpoints/lib/vboxServiceWrappers.php on line 2487
PHP Notice:  Undefined property: stdClass::$timestamps in /var/www/html/lgsm-ui/include/phpvirtualbox/endpoints/lib/vboxServiceWrappers.php on line 2487
PHP Notice:  Undefined property: stdClass::$flags in /var/www/html/lgsm-ui/include/phpvirtualbox/endpoints/lib/vboxServiceWrappers.php on line 2487
PHP Notice:  Undefined offset: 0 in /var/www/html/lgsm-ui/app/protected/class/gearman/deploy.php on line 151
PHP Notice:  Undefined property: stdClass::$names in /var/www/html/lgsm-ui/include/phpvirtualbox/endpoints/lib/vboxServiceWrappers.php on line 2487
PHP Notice:  Undefined property: stdClass::$values in /var/www/html/lgsm-ui/include/phpvirtualbox/endpoints/lib/vboxServiceWrappers.php on line 2487
PHP Notice:  Undefined property: stdClass::$timestamps in /var/www/html/lgsm-ui/include/phpvirtualbox/endpoints/lib/vboxServiceWrappers.php on line 2487
PHP Notice:  Undefined property: stdClass::$flags in /var/www/html/lgsm-ui/include/phpvirtualbox/endpoints/lib/vboxServiceWrappers.php on line 2487
PHP Notice:  Undefined offset: 0 in /var/www/html/lgsm-ui/app/protected/class/gearman/deploy.php on line 151
PHP Notice:  Undefined property: stdClass::$names in /var/www/html/lgsm-ui/include/phpvirtualbox/endpoints/lib/vboxServiceWrappers.php on line 2487
PHP Notice:  Undefined property: stdClass::$values in /var/www/html/lgsm-ui/include/phpvirtualbox/endpoints/lib/vboxServiceWrappers.php on line 2487
PHP Notice:  Undefined property: stdClass::$timestamps in /var/www/html/lgsm-ui/include/phpvirtualbox/endpoints/lib/vboxServiceWrappers.php on line 2487
PHP Notice:  Undefined property: stdClass::$flags in /var/www/html/lgsm-ui/include/phpvirtualbox/endpoints/lib/vboxServiceWrappers.php on line 2487
PHP Notice:  Undefined offset: 0 in /var/www/html/lgsm-ui/app/protected/class/gearman/deploy.php on line 151
PHP Notice:  Undefined property: stdClass::$names in /var/www/html/lgsm-ui/include/phpvirtualbox/endpoints/lib/vboxServiceWrappers.php on line 2487
PHP Notice:  Undefined property: stdClass::$values in /var/www/html/lgsm-ui/include/phpvirtualbox/endpoints/lib/vboxServiceWrappers.php on line 2487
PHP Notice:  Undefined property: stdClass::$timestamps in /var/www/html/lgsm-ui/include/phpvirtualbox/endpoints/lib/vboxServiceWrappers.php on line 2487
PHP Notice:  Undefined property: stdClass::$flags in /var/www/html/lgsm-ui/include/phpvirtualbox/endpoints/lib/vboxServiceWrappers.php on line 2487
PHP Notice:  Undefined offset: 0 in /var/www/html/lgsm-ui/app/protected/class/gearman/deploy.php on line 151
PHP Notice:  Undefined property: stdClass::$names in /var/www/html/lgsm-ui/include/phpvirtualbox/endpoints/lib/vboxServiceWrappers.php on line 2487
PHP Notice:  Undefined property: stdClass::$values in /var/www/html/lgsm-ui/include/phpvirtualbox/endpoints/lib/vboxServiceWrappers.php on line 2487
PHP Notice:  Undefined property: stdClass::$timestamps in /var/www/html/lgsm-ui/include/phpvirtualbox/endpoints/lib/vboxServiceWrappers.php on line 2487
PHP Notice:  Undefined property: stdClass::$flags in /var/www/html/lgsm-ui/include/phpvirtualbox/endpoints/lib/vboxServiceWrappers.php on line 2487
PHP Notice:  Undefined offset: 0 in /var/www/html/lgsm-ui/app/protected/class/gearman/deploy.php on line 151
PHP Notice:  Undefined property: stdClass::$names in /var/www/html/lgsm-ui/include/phpvirtualbox/endpoints/lib/vboxServiceWrappers.php on line 2487
PHP Notice:  Undefined property: stdClass::$values in /var/www/html/lgsm-ui/include/phpvirtualbox/endpoints/lib/vboxServiceWrappers.php on line 2487
PHP Notice:  Undefined property: stdClass::$timestamps in /var/www/html/lgsm-ui/include/phpvirtualbox/endpoints/lib/vboxServiceWrappers.php on line 2487
PHP Notice:  Undefined property: stdClass::$flags in /var/www/html/lgsm-ui/include/phpvirtualbox/endpoints/lib/vboxServiceWrappers.php on line 2487
PHP Notice:  Undefined offset: 0 in /var/www/html/lgsm-ui/app/protected/class/gearman/deploy.php on line 151
PHP Notice:  Undefined property: stdClass::$names in /var/www/html/lgsm-ui/include/phpvirtualbox/endpoints/lib/vboxServiceWrappers.php on line 2487
PHP Notice:  Undefined property: stdClass::$values in /var/www/html/lgsm-ui/include/phpvirtualbox/endpoints/lib/vboxServiceWrappers.php on line 2487
PHP Notice:  Undefined property: stdClass::$timestamps in /var/www/html/lgsm-ui/include/phpvirtualbox/endpoints/lib/vboxServiceWrappers.php on line 2487
PHP Notice:  Undefined property: stdClass::$flags in /var/www/html/lgsm-ui/include/phpvirtualbox/endpoints/lib/vboxServiceWrappers.php on line 2487
PHP Notice:  Undefined offset: 0 in /var/www/html/lgsm-ui/app/protected/class/gearman/deploy.php on line 151
PHP Notice:  Undefined property: stdClass::$names in /var/www/html/lgsm-ui/include/phpvirtualbox/endpoints/lib/vboxServiceWrappers.php on line 2487
PHP Notice:  Undefined property: stdClass::$values in /var/www/html/lgsm-ui/include/phpvirtualbox/endpoints/lib/vboxServiceWrappers.php on line 2487
PHP Notice:  Undefined property: stdClass::$timestamps in /var/www/html/lgsm-ui/include/phpvirtualbox/endpoints/lib/vboxServiceWrappers.php on line 2487
PHP Notice:  Undefined property: stdClass::$flags in /var/www/html/lgsm-ui/include/phpvirtualbox/endpoints/lib/vboxServiceWrappers.php on line 2487
PHP Notice:  Undefined offset: 0 in /var/www/html/lgsm-ui/app/protected/class/gearman/deploy.php on line 151
PHP Notice:  Undefined property: stdClass::$names in /var/www/html/lgsm-ui/include/phpvirtualbox/endpoints/lib/vboxServiceWrappers.php on line 2487
PHP Notice:  Undefined property: stdClass::$values in /var/www/html/lgsm-ui/include/phpvirtualbox/endpoints/lib/vboxServiceWrappers.php on line 2487
PHP Notice:  Undefined property: stdClass::$timestamps in /var/www/html/lgsm-ui/include/phpvirtualbox/endpoints/lib/vboxServiceWrappers.php on line 2487
PHP Notice:  Undefined property: stdClass::$flags in /var/www/html/lgsm-ui/include/phpvirtualbox/endpoints/lib/vboxServiceWrappers.php on line 2487
PHP Notice:  Undefined offset: 0 in /var/www/html/lgsm-ui/app/protected/class/gearman/deploy.php on line 151
PHP Notice:  Undefined property: stdClass::$names in /var/www/html/lgsm-ui/include/phpvirtualbox/endpoints/lib/vboxServiceWrappers.php on line 2487
PHP Notice:  Undefined property: stdClass::$values in /var/www/html/lgsm-ui/include/phpvirtualbox/endpoints/lib/vboxServiceWrappers.php on line 2487
PHP Notice:  Undefined property: stdClass::$timestamps in /var/www/html/lgsm-ui/include/phpvirtualbox/endpoints/lib/vboxServiceWrappers.php on line 2487
PHP Notice:  Undefined property: stdClass::$flags in /var/www/html/lgsm-ui/include/phpvirtualbox/endpoints/lib/vboxServiceWrappers.php on line 2487
PHP Notice:  Undefined offset: 0 in /var/www/html/lgsm-ui/app/protected/class/gearman/deploy.php on line 151
PHP Notice:  Undefined property: stdClass::$names in /var/www/html/lgsm-ui/include/phpvirtualbox/endpoints/lib/vboxServiceWrappers.php on line 2487
PHP Notice:  Undefined property: stdClass::$values in /var/www/html/lgsm-ui/include/phpvirtualbox/endpoints/lib/vboxServiceWrappers.php on line 2487
PHP Notice:  Undefined property: stdClass::$timestamps in /var/www/html/lgsm-ui/include/phpvirtualbox/endpoints/lib/vboxServiceWrappers.php on line 2487
PHP Notice:  Undefined property: stdClass::$flags in /var/www/html/lgsm-ui/include/phpvirtualbox/endpoints/lib/vboxServiceWrappers.php on line 2487
PHP Notice:  Undefined offset: 0 in /var/www/html/lgsm-ui/app/protected/class/gearman/deploy.php on line 151
PHP Notice:  Undefined property: stdClass::$names in /var/www/html/lgsm-ui/include/phpvirtualbox/endpoints/lib/vboxServiceWrappers.php on line 2487
PHP Notice:  Undefined property: stdClass::$values in /var/www/html/lgsm-ui/include/phpvirtualbox/endpoints/lib/vboxServiceWrappers.php on line 2487
PHP Notice:  Undefined property: stdClass::$timestamps in /var/www/html/lgsm-ui/include/phpvirtualbox/endpoints/lib/vboxServiceWrappers.php on line 2487
PHP Notice:  Undefined property: stdClass::$flags in /var/www/html/lgsm-ui/include/phpvirtualbox/endpoints/lib/vboxServiceWrappers.php on line 2487
PHP Notice:  Undefined offset: 0 in /var/www/html/lgsm-ui/app/protected/class/gearman/deploy.php on line 151
Loaded plugins: fastestmirror
Determining fastest mirrors
 * base: mirrors.liquidweb.com
 * epel: lug.mtu.edu
 * extras: mirror.cisp.com
 * updates: www.gtlib.gatech.edu
Resolving Dependencies
--> Running transaction check
---> Package glibc.i686 0:2.17-106.el7_2.6 will be installed
--> Processing Dependency: libfreebl3.so(NSSRAWHASH_3.12.3) for package: glibc-2.17-106.el7_2.6.i686
--> Processing Dependency: libfreebl3.so for package: glibc-2.17-106.el7_2.6.i686
---> Package libstdc++.i686 0:4.8.5-4.el7 will be installed
--> Processing Dependency: libgcc_s.so.1(GLIBC_2.0) for package: libstdc++-4.8.5-4.el7.i686
--> Processing Dependency: libgcc_s.so.1(GCC_4.2.0) for package: libstdc++-4.8.5-4.el7.i686
--> Processing Dependency: libgcc_s.so.1(GCC_3.3) for package: libstdc++-4.8.5-4.el7.i686
--> Processing Dependency: libgcc_s.so.1(GCC_3.0) for package: libstdc++-4.8.5-4.el7.i686
--> Processing Dependency: libgcc_s.so.1 for package: libstdc++-4.8.5-4.el7.i686
---> Package tmux.x86_64 0:1.8-4.el7 will be installed
--> Processing Dependency: libevent-2.0.so.5()(64bit) for package: tmux-1.8-4.el7.x86_64
--> Running transaction check
---> Package libevent.x86_64 0:2.0.21-4.el7 will be installed
---> Package libgcc.i686 0:4.8.5-4.el7 will be installed
---> Package nss-softokn-freebl.i686 0:3.16.2.3-14.2.el7_2 will be installed
--> Finished Dependency Resolution

Dependencies Resolved

================================================================================
 Package                Arch       Version                    Repository   Size
================================================================================
Installing:
 glibc                  i686       2.17-106.el7_2.6           updates     4.2 M
 libstdc++              i686       4.8.5-4.el7                base        311 k
 tmux                   x86_64     1.8-4.el7                  base        243 k
Installing for dependencies:
 libevent               x86_64     2.0.21-4.el7               base        214 k
 libgcc                 i686       4.8.5-4.el7                base        103 k
 nss-softokn-freebl     i686       3.16.2.3-14.2.el7_2        updates     187 k

Transaction Summary
================================================================================
Install  3 Packages (+3 Dependent packages)

Total download size: 5.2 M
Installed size: 17 M
Downloading packages:
--------------------------------------------------------------------------------
Total                                              2.7 MB/s | 5.2 MB  00:01     
Running transaction check
Running transaction test
Transaction test succeeded
Running transaction
  Installing : libgcc-4.8.5-4.el7.i686                                      1/6 
  Installing : nss-softokn-freebl-3.16.2.3-14.2.el7_2.i686                  2/6 
  Installing : glibc-2.17-106.el7_2.6.i686                                  3/6 
  Installing : libevent-2.0.21-4.el7.x86_64                                 4/6 
  Installing : tmux-1.8-4.el7.x86_64                                        5/6 
  Installing : libstdc++-4.8.5-4.el7.i686                                   6/6 
  Verifying  : libgcc-4.8.5-4.el7.i686                                      1/6 
  Verifying  : tmux-1.8-4.el7.x86_64                                        2/6 
  Verifying  : libevent-2.0.21-4.el7.x86_64                                 3/6 
  Verifying  : glibc-2.17-106.el7_2.6.i686                                  4/6 
  Verifying  : libstdc++-4.8.5-4.el7.i686                                   5/6 
  Verifying  : nss-softokn-freebl-3.16.2.3-14.2.el7_2.i686                  6/6 

Installed:
  glibc.i686 0:2.17-106.el7_2.6           libstdc++.i686 0:4.8.5-4.el7          
  tmux.x86_64 0:1.8-4.el7                

Dependency Installed:
  libevent.x86_64 0:2.0.21-4.el7                   libgcc.i686 0:4.8.5-4.el7   
  nss-softokn-freebl.i686 0:3.16.2.3-14.2.el7_2   

Complete!
    fetching core_dl.sh...[0;32mOK[0m
    fetching core_functions.sh...[0;32mOK[0m
    fetching core_messages.sh...[0;32mOK[0m
    fetching core_getopt.sh...[0;32mOK[0m
    fetching command_install.sh...[0;32mOK[0m
    fetching check.sh...[0;32mOK[0m
    fetching check_root.sh...[0;32mOK[0m
    fetching check_permissions.sh...[0;32mOK[0m
    fetching check_glibc.sh...[0;32mOK[0m
    fetching info_glibc.sh...[0;32mOK[0m
    fetching info_distro.sh...[0;32mOK[0m
    fetching install_header.sh...[0;32mOK[0m
TERM environment variable not set.
=================================
Black Mesa: Deathmatch
Linux Game Server Manager
by Daniel Gibbs
Contributors: http://goo.gl/qLmitD
https://gameservermanagers.com
=================================
    fetching install_server_dir.sh...[0;32mOK[0m

Server Directory
=================================

/home/lgsm/linuxgsm/BlackMesa

mkdir: created directory ‘/home/lgsm/linuxgsm/BlackMesa/serverfiles’
    fetching install_logs.sh...[0;32mOK[0m

Creating log directories
=================================
mkdir: created directory ‘/home/lgsm/linuxgsm/BlackMesa/log’
mkdir: created directory ‘/home/lgsm/linuxgsm/BlackMesa/log/script’
mkdir: created directory ‘/home/lgsm/linuxgsm/BlackMesa/log/console’
‘/home/lgsm/linuxgsm/BlackMesa/log/server’ -> ‘/home/lgsm/linuxgsm/BlackMesa/serverfiles/bms/logs’
    fetching check_deps.sh...[0;32mOK[0m

Checking Dependecies
=================================
[0;32mcurl[0m
[0;32mutil-linux[0m
[0;32mpython[0m
[0;32mfile[0m
[0;32mtmux[0m
[0;32mglibc.i686[0m
[0;32mlibstdc++.i686[0m
    fetching install_steamcmd.sh...[0;32mOK[0m

Installing SteamCMD
=================================
    fetching check_steamcmd.sh...[0;32mOK[0m
mkdir: created directory ‘/home/lgsm/linuxgsm/BlackMesa/steamcmd’
    fetching steamcmd_linux.tar.gz...[0;32mOK[0m
extracting steamcmd_linux.tar.gz...[0;32mOK[0m
    fetching install_server_files.sh...[0;32mOK[0m

Installing Black Mesa: Deathmatch Server
=================================
ERROR: ld.so: object '/usr/libexec/coreutils/libstdbuf.so' from LD_PRELOAD cannot be preloaded: ignored.
Redirecting stderr to '/home/lgsm/Steam/logs/stderr.txt'
ILocalize::AddFile() failed to load file "public/steambootstrapper_english.txt".
[  0%] Checking for available update...
[  0%] Downloading update (0 of 10,285 KB)...
[  0%] Downloading update (458 of 10,285 KB)...
[  4%] Downloading update (1,477 of 10,285 KB)...
[ 14%] Downloading update (2,432 of 10,285 KB)...
[ 23%] Downloading update (3,134 of 10,285 KB)...
[ 30%] Downloading update (3,490 of 10,285 KB)...
[ 33%] Downloading update (4,152 of 10,285 KB)...
[ 40%] Downloading update (4,844 of 10,285 KB)...
[ 47%] Downloading update (5,460 of 10,285 KB)...
[ 53%] Downloading update (6,087 of 10,285 KB)...
[ 59%] Downloading update (6,662 of 10,285 KB)...
[ 64%] Downloading update (7,215 of 10,285 KB)...
[ 70%] Downloading update (7,748 of 10,285 KB)...
[ 75%] Downloading update (8,262 of 10,285 KB)...
[ 80%] Downloading update (8,835 of 10,285 KB)...
[ 85%] Downloading update (9,316 of 10,285 KB)...
[ 90%] Downloading update (9,820 of 10,285 KB)...
[ 95%] Downloading update (10,285 of 10,285 KB)...
[100%] Download Complete.
[----] Applying update...
[----] Extracting package...
[----] Extracting package...
[----] Extracting package...
[----] Installing update...
[----] Installing update...
[----] Installing update...
[----] Cleaning up...
[----] Update complete, launching...
ERROR: ld.so: object '/usr/libexec/coreutils/libstdbuf.so' from LD_PRELOAD cannot be preloaded: ignored.
Redirecting stderr to '/home/lgsm/Steam/logs/stderr.txt'
[  0%] Checking for available updates...
[----] Downloading update (0 of 7,162 KB)...
[  0%] Downloading update (361 of 7,162 KB)...
[  5%] Downloading update (1,325 of 7,162 KB)...
[ 18%] Downloading update (2,135 of 7,162 KB)...
[ 29%] Downloading update (2,705 of 7,162 KB)...
[ 37%] Downloading update (3,118 of 7,162 KB)...
[ 43%] Downloading update (3,619 of 7,162 KB)...
[ 50%] Downloading update (4,009 of 7,162 KB)...
[ 55%] Downloading update (4,469 of 7,162 KB)...
[ 62%] Downloading update (4,869 of 7,162 KB)...
[ 67%] Downloading update (5,372 of 7,162 KB)...
[ 75%] Downloading update (5,770 of 7,162 KB)...
[ 80%] Downloading update (6,218 of 7,162 KB)...
[ 86%] Downloading update (6,655 of 7,162 KB)...
[ 92%] Downloading update (7,052 of 7,162 KB)...
[ 98%] Downloading update (7,162 of 7,162 KB)...
[100%] Download complete.
[----] Installing update...
[----] Extracting package...
[----] Extracting package...
[----] Extracting package...
[----] Installing update...
[----] Installing update...
[----] Installing update...
[----] Cleaning up...
[----] Update complete, launching Steam...
ERROR: ld.so: object '/usr/libexec/coreutils/libstdbuf.so' from LD_PRELOAD cannot be preloaded: ignored.
Redirecting stderr to '/home/lgsm/Steam/logs/stderr.txt'
[  0%] Checking for available updates...
[----] Verifying installation...
Steam Console Client (c) Valve Corporation
-- type 'quit' to exit --
Loading Steam API...Created shared memory when not owner SteamController_Shared_mem
OK.

Connecting anonymously to Steam Public...Logged in OK
Waiting for license info...OK
 Update state (0x3) reconfiguring, progress: 0.00 (0 / 0)
 Update state (0x3) reconfiguring, progress: 0.00 (0 / 0)
Error! App '346680' state is 0x202 after update job.
[0;33mWarning![0m SteamCMD did not complete the download, retrying: Attempt 2
ERROR: ld.so: object '/usr/libexec/coreutils/libstdbuf.so' from LD_PRELOAD cannot be preloaded: ignored.
Redirecting stderr to '/home/lgsm/Steam/logs/stderr.txt'
[  0%] Checking for available updates...
[----] Verifying installation...
Steam Console Client (c) Valve Corporation
-- type 'quit' to exit --
Loading Steam API...Created shared memory when not owner SteamController_Shared_mem
OK.

Connecting anonymously to Steam Public...Logged in OK
Waiting for license info...OK
 Update state (0x61) downloading, progress: 0.00 (0 / 13169070990)
 Update state (0x61) downloading, progress: 0.02 (2142222 / 13169070990)
 Update state (0x61) downloading, progress: 0.13 (17584174 / 13169070990)
 Update state (0x61) downloading, progress: 0.31 (41066812 / 13169070990)
 Update state (0x61) downloading, progress: 0.41 (54609010 / 13169070990)
 Update state (0x61) downloading, progress: 0.52 (67879538 / 13169070990)
 Update state (0x61) downloading, progress: 0.63 (83196474 / 13169070990)
 Update state (0x61) downloading, progress: 0.74 (97941474 / 13169070990)
 Update state (0x61) downloading, progress: 0.82 (108543882 / 13169070990)
 Update state (0x61) downloading, progress: 0.96 (126726917 / 13169070990)
 Update state (0x61) downloading, progress: 1.09 (144014421 / 13169070990)
 Update state (0x61) downloading, progress: 1.22 (160151897 / 13169070990)
 Update state (0x61) downloading, progress: 1.31 (172086534 / 13169070990)
 Update state (0x61) downloading, progress: 1.39 (182572294 / 13169070990)
 Update state (0x61) downloading, progress: 1.55 (204592390 / 13169070990)
 Update state (0x61) downloading, progress: 1.66 (218223878 / 13169070990)
 Update state (0x61) downloading, progress: 1.80 (237098246 / 13169070990)
 Update state (0x61) downloading, progress: 1.98 (260166918 / 13169070990)
 Update state (0x61) downloading, progress: 2.17 (286381318 / 13169070990)
 Update state (0x61) downloading, progress: 2.34 (308401414 / 13169070990)
 Update state (0x61) downloading, progress: 2.54 (334615814 / 13169070990)
 Update state (0x61) downloading, progress: 2.77 (364375482 / 13169070990)
 Update state (0x61) downloading, progress: 2.95 (388492730 / 13169070990)
 Update state (0x61) downloading, progress: 3.15 (414708026 / 13169070990)
 Update state (0x61) downloading, progress: 3.32 (437776698 / 13169070990)
 Update state (0x61) downloading, progress: 3.68 (484962618 / 13169070990)
 Update state (0x61) downloading, progress: 3.97 (522732882 / 13169070990)
 Update state (0x61) downloading, progress: 4.14 (544752978 / 13169070990)
 Update state (0x61) downloading, progress: 4.36 (574113106 / 13169070990)
 Update state (0x61) downloading, progress: 4.56 (600327506 / 13169070990)
 Update state (0x61) downloading, progress: 4.75 (626067159 / 13169070990)
 Update state (0x61) downloading, progress: 4.95 (651480815 / 13169070990)
 Update state (0x61) downloading, progress: 5.13 (675514199 / 13169070990)
 Update state (0x61) downloading, progress: 5.34 (703825751 / 13169070990)
 Update state (0x61) downloading, progress: 5.60 (737262091 / 13169070990)
 Update state (0x61) downloading, progress: 5.73 (754039307 / 13169070990)
 Update state (0x61) downloading, progress: 5.96 (785496587 / 13169070990)
 Update state (0x61) downloading, progress: 6.19 (814597103 / 13169070990)
 Update state (0x61) downloading, progress: 6.36 (837665775 / 13169070990)
 Update state (0x61) downloading, progress: 6.58 (867025903 / 13169070990)
 Update state (0x61) downloading, progress: 6.83 (899531759 / 13169070990)
 Update state (0x61) downloading, progress: 6.99 (920503279 / 13169070990)
 Update state (0x61) downloading, progress: 7.18 (945669103 / 13169070990)
 Update state (0x61) downloading, progress: 7.45 (980629527 / 13169070990)
 Update state (0x61) downloading, progress: 7.65 (1007791311 / 13169070990)
 Update state (0x61) downloading, progress: 7.92 (1042572070 / 13169070990)
 Update state (0x61) downloading, progress: 8.13 (1070883622 / 13169070990)
 Update state (0x61) downloading, progress: 8.33 (1097098022 / 13169070990)
 Update state (0x61) downloading, progress: 8.55 (1126605918 / 13169070990)
 Update state (0x61) downloading, progress: 8.82 (1160866822 / 13169070990)
 Update state (0x61) downloading, progress: 9.01 (1186553726 / 13169070990)
 Update state (0x61) downloading, progress: 9.19 (1209622398 / 13169070990)
 Update state (0x61) downloading, progress: 9.34 (1229545342 / 13169070990)
 Update state (0x61) downloading, progress: 9.47 (1247371134 / 13169070990)
 Update state (0x61) downloading, progress: 9.63 (1268342654 / 13169070990)
 Update state (0x61) downloading, progress: 9.87 (1299254022 / 13169070990)
 Update state (0x61) downloading, progress: 10.09 (1328762826 / 13169070990)
 Update state (0x61) downloading, progress: 10.31 (1357074378 / 13169070990)
 Update state (0x61) downloading, progress: 10.52 (1385385930 / 13169070990)
 Update state (0x61) downloading, progress: 10.77 (1418940362 / 13169070990)
 Update state (0x61) downloading, progress: 11.01 (1450397642 / 13169070990)
 Update state (0x61) downloading, progress: 11.17 (1471051258 / 13169070990)
 Update state (0x61) downloading, progress: 11.35 (1495168506 / 13169070990)
 Update state (0x61) downloading, progress: 11.50 (1514042874 / 13169070990)
 Update state (0x61) downloading, progress: 11.65 (1533965818 / 13169070990)
 Update state (0x61) downloading, progress: 11.87 (1563325946 / 13169070990)
 Update state (0x61) downloading, progress: 12.09 (1591637498 / 13169070990)
 Update state (0x61) downloading, progress: 12.27 (1615754746 / 13169070990)
 Update state (0x61) downloading, progress: 12.48 (1644066298 / 13169070990)
 Update state (0x61) downloading, progress: 12.72 (1674475002 / 13169070990)
 Update state (0x61) downloading, progress: 12.92 (1701737978 / 13169070990)
 Update state (0x61) downloading, progress: 13.11 (1726903802 / 13169070990)
 Update state (0x61) downloading, progress: 13.34 (1757312506 / 13169070990)
 Update state (0x61) downloading, progress: 13.56 (1785624058 / 13169070990)
 Update state (0x61) downloading, progress: 13.73 (1807644154 / 13169070990)
 Update state (0x61) downloading, progress: 13.93 (1834114960 / 13169070990)
 Update state (0x61) downloading, progress: 14.10 (1857183632 / 13169070990)
 Update state (0x61) downloading, progress: 14.31 (1884966824 / 13169070990)
 Update state (0x61) downloading, progress: 14.50 (1910132648 / 13169070990)
 Update state (0x61) downloading, progress: 14.67 (1932152744 / 13169070990)
 Update state (0x61) downloading, progress: 14.87 (1958179856 / 13169070990)
 Update state (0x61) downloading, progress: 15.04 (1981248528 / 13169070990)
 Update state (0x61) downloading, progress: 15.24 (2007462928 / 13169070990)
 Update state (0x61) downloading, progress: 15.46 (2035774480 / 13169070990)
 Update state (0x61) downloading, progress: 15.64 (2059891728 / 13169070990)
 Update state (0x61) downloading, progress: 15.82 (2082960400 / 13169070990)
 Update state (0x61) downloading, progress: 16.06 (2114417680 / 13169070990)
 Update state (0x61) downloading, progress: 16.31 (2147376851 / 13169070990)
 Update state (0x61) downloading, progress: 16.53 (2176736979 / 13169070990)
 Update state (0x61) downloading, progress: 16.65 (2192465619 / 13169070990)
 Update state (0x61) downloading, progress: 16.87 (2221825747 / 13169070990)
 Update state (0x61) downloading, progress: 17.04 (2243845843 / 13169070990)
 Update state (0x61) downloading, progress: 17.21 (2266914515 / 13169070990)
 Update state (0x61) downloading, progress: 17.41 (2292084970 / 13169070990)
 Update state (0x61) downloading, progress: 17.54 (2309910762 / 13169070990)
 Update state (0x61) downloading, progress: 17.72 (2334028010 / 13169070990)
 Update state (0x61) downloading, progress: 17.88 (2354999530 / 13169070990)
 Update state (0x61) downloading, progress: 18.10 (2383582282 / 13169070990)
 Update state (0x61) downloading, progress: 18.30 (2409796682 / 13169070990)
 Update state (0x61) downloading, progress: 18.53 (2440205386 / 13169070990)
 Update state (0x61) downloading, progress: 18.75 (2469565514 / 13169070990)
 Update state (0x61) downloading, progress: 18.97 (2497515882 / 13169070990)
 Update state (0x61) downloading, progress: 19.19 (2526763542 / 13169070990)
 Update state (0x61) downloading, progress: 19.42 (2557318948 / 13169070990)
 Update state (0x61) downloading, progress: 19.64 (2586713724 / 13169070990)
 Update state (0x61) downloading, progress: 19.84 (2613016683 / 13169070990)
 Update state (0x61) downloading, progress: 20.03 (2637446685 / 13169070990)
 Update state (0x61) downloading, progress: 20.33 (2676671762 / 13169070990)
 Update state (0x61) downloading, progress: 20.49 (2698724922 / 13169070990)
 Update state (0x61) downloading, progress: 20.73 (2730176030 / 13169070990)
 Update state (0x61) downloading, progress: 20.89 (2751173204 / 13169070990)
 Update state (0x61) downloading, progress: 21.09 (2777532328 / 13169070990)
 Update state (0x61) downloading, progress: 21.23 (2795358120 / 13169070990)
 Update state (0x61) downloading, progress: 21.45 (2824718248 / 13169070990)
 Update state (0x61) downloading, progress: 21.60 (2844072319 / 13169070990)
 Update state (0x61) downloading, progress: 21.77 (2866632458 / 13169070990)
 Update state (0x61) downloading, progress: 21.93 (2888451541 / 13169070990)
 Update state (0x61) downloading, progress: 22.13 (2914661252 / 13169070990)
 Update state (0x61) downloading, progress: 22.31 (2938585438 / 13169070990)
 Update state (0x61) downloading, progress: 22.47 (2958549404 / 13169070990)
 Update state (0x61) downloading, progress: 22.64 (2981626956 / 13169070990)
 Update state (0x61) downloading, progress: 22.89 (3014873298 / 13169070990)
 Update state (0x61) downloading, progress: 23.11 (3043580719 / 13169070990)
 Update state (0x61) downloading, progress: 23.35 (3075558179 / 13169070990)
 Update state (0x61) downloading, progress: 23.50 (3095216515 / 13169070990)
 Update state (0x61) downloading, progress: 23.72 (3123120853 / 13169070990)
 Update state (0x61) downloading, progress: 23.93 (3150705288 / 13169070990)
 Update state (0x61) downloading, progress: 24.06 (3168741874 / 13169070990)
 Update state (0x61) downloading, progress: 24.27 (3196037682 / 13169070990)
 Update state (0x61) downloading, progress: 24.42 (3216165687 / 13169070990)
 Update state (0x61) downloading, progress: 24.58 (3237498617 / 13169070990)
 Update state (0x61) downloading, progress: 24.78 (3262689578 / 13169070990)
 Update state (0x61) downloading, progress: 24.92 (3281481323 / 13169070990)
 Update state (0x61) downloading, progress: 25.12 (3308081337 / 13169070990)
 Update state (0x61) downloading, progress: 25.32 (3333945733 / 13169070990)
 Update state (0x61) downloading, progress: 25.44 (3350658204 / 13169070990)
 Update state (0x61) downloading, progress: 25.65 (3378245394 / 13169070990)
 Update state (0x61) downloading, progress: 25.77 (3393434359 / 13169070990)
 Update state (0x61) downloading, progress: 25.91 (3412486059 / 13169070990)
 Update state (0x61) downloading, progress: 26.08 (3434070118 / 13169070990)
 Update state (0x61) downloading, progress: 26.24 (3455603402 / 13169070990)
 Update state (0x61) downloading, progress: 26.40 (3477098898 / 13169070990)
 Update state (0x61) downloading, progress: 26.54 (3494924690 / 13169070990)
 Update state (0x61) downloading, progress: 26.68 (3514094392 / 13169070990)
 Update state (0x61) downloading, progress: 26.83 (3533746911 / 13169070990)
 Update state (0x61) downloading, progress: 27.00 (3555957379 / 13169070990)
 Update state (0x61) downloading, progress: 27.14 (3574376738 / 13169070990)
 Update state (0x61) downloading, progress: 27.29 (3593428648 / 13169070990)
 Update state (0x61) downloading, progress: 27.41 (3610205864 / 13169070990)
 Update state (0x61) downloading, progress: 27.58 (3631988194 / 13169070990)
 Update state (0x61) downloading, progress: 27.73 (3651289668 / 13169070990)
 Update state (0x61) downloading, progress: 27.85 (3667018308 / 13169070990)
 Update state (0x61) downloading, progress: 27.97 (3683726331 / 13169070990)
 Update state (0x61) downloading, progress: 28.06 (3695772347 / 13169070990)
 Update state (0x61) downloading, progress: 28.14 (3705937414 / 13169070990)
 Update state (0x61) downloading, progress: 28.25 (3720617478 / 13169070990)
 Update state (0x61) downloading, progress: 28.35 (3733931767 / 13169070990)
 Update state (0x61) downloading, progress: 28.49 (3751757559 / 13169070990)
 Update state (0x61) downloading, progress: 28.55 (3760146167 / 13169070990)
 Update state (0x61) downloading, progress: 28.69 (3777629739 / 13169070990)
 Update state (0x61) downloading, progress: 28.81 (3794497409 / 13169070990)
 Update state (0x61) downloading, progress: 28.95 (3812017541 / 13169070990)
 Update state (0x61) downloading, progress: 29.08 (3829843333 / 13169070990)
 Update state (0x61) downloading, progress: 29.17 (3841377669 / 13169070990)
 Update state (0x61) downloading, progress: 29.24 (3851045025 / 13169070990)
 Update state (0x61) downloading, progress: 29.32 (3861530785 / 13169070990)
 Update state (0x61) downloading, progress: 29.39 (3870967969 / 13169070990)
 Update state (0x61) downloading, progress: 29.47 (3880405153 / 13169070990)
 Update state (0x61) downloading, progress: 29.55 (3891939489 / 13169070990)
 Update state (0x61) downloading, progress: 29.64 (3903473825 / 13169070990)
 Update state (0x61) downloading, progress: 29.70 (3911862433 / 13169070990)
 Update state (0x61) downloading, progress: 29.83 (3928639649 / 13169070990)
 Update state (0x61) downloading, progress: 29.92 (3940173985 / 13169070990)
 Update state (0x61) downloading, progress: 30.02 (3952756897 / 13169070990)
 Update state (0x61) downloading, progress: 30.10 (3963242657 / 13169070990)
 Update state (0x61) downloading, progress: 30.14 (3969534113 / 13169070990)
 Update state (0x61) downloading, progress: 30.21 (3978971297 / 13169070990)
 Update state (0x61) downloading, progress: 30.29 (3989457057 / 13169070990)
 Update state (0x61) downloading, progress: 30.34 (3995748513 / 13169070990)
 Update state (0x61) downloading, progress: 30.41 (4004137121 / 13169070990)
 Update state (0x61) downloading, progress: 30.47 (4012525729 / 13169070990)
 Update state (0x61) downloading, progress: 30.55 (4023011489 / 13169070990)
 Update state (0x61) downloading, progress: 30.65 (4035667004 / 13169070990)
 Update state (0x61) downloading, progress: 30.73 (4047416916 / 13169070990)
 Update state (0x61) downloading, progress: 30.84 (4061051200 / 13169070990)
 Update state (0x61) downloading, progress: 30.93 (4072585536 / 13169070990)
 Update state (0x61) downloading, progress: 31.02 (4085168448 / 13169070990)
 Update state (0x61) downloading, progress: 31.10 (4095654208 / 13169070990)
 Update state (0x61) downloading, progress: 31.16 (4102956109 / 13169070990)
 Update state (0x61) downloading, progress: 31.21 (4110296141 / 13169070990)
 Update state (0x61) downloading, progress: 31.29 (4120781901 / 13169070990)
 Update state (0x61) downloading, progress: 31.39 (4133364813 / 13169070990)
 Update state (0x61) downloading, progress: 31.45 (4141753461 / 13169070990)
 Update state (0x61) downloading, progress: 31.53 (4152239221 / 13169070990)
 Update state (0x61) downloading, progress: 31.62 (4163773557 / 13169070990)
 Update state (0x61) downloading, progress: 31.69 (4173210741 / 13169070990)
 Update state (0x61) downloading, progress: 31.77 (4183632573 / 13169070990)
 Update state (0x61) downloading, progress: 31.84 (4193348949 / 13169070990)
 Update state (0x61) downloading, progress: 31.89 (4200156685 / 13169070990)
 Update state (0x61) downloading, progress: 31.94 (4206448141 / 13169070990)
 Update state (0x61) downloading, progress: 32.03 (4218003733 / 13169070990)
 Update state (0x61) downloading, progress: 32.09 (4226392516 / 13169070990)
 Update state (0x61) downloading, progress: 32.17 (4236878276 / 13169070990)
 Update state (0x61) downloading, progress: 32.26 (4248652302 / 13169070990)
 Update state (0x61) downloading, progress: 32.32 (4256199966 / 13169070990)
 Update state (0x61) downloading, progress: 32.42 (4269624852 / 13169070990)
 Update state (0x61) downloading, progress: 32.51 (4281156914 / 13169070990)
 Update state (0x61) downloading, progress: 32.59 (4291951524 / 13169070990)
 Update state (0x61) downloading, progress: 32.69 (4304542088 / 13169070990)
 Update state (0x61) downloading, progress: 32.77 (4315040878 / 13169070990)
 Update state (0x61) downloading, progress: 32.84 (4325307565 / 13169070990)
 Update state (0x61) downloading, progress: 32.92 (4334744749 / 13169070990)
 Update state (0x61) downloading, progress: 33.00 (4345570124 / 13169070990)
 Update state (0x61) downloading, progress: 33.05 (4352910156 / 13169070990)
 Update state (0x61) downloading, progress: 33.15 (4365569931 / 13169070990)
 Update state (0x61) downloading, progress: 33.24 (4377624658 / 13169070990)
 Update state (0x61) downloading, progress: 33.35 (4392304722 / 13169070990)
 Update state (0x61) downloading, progress: 33.46 (4405936210 / 13169070990)
 Update state (0x61) downloading, progress: 33.54 (4416421970 / 13169070990)
 Update state (0x61) downloading, progress: 33.59 (4423762002 / 13169070990)
 Update state (0x61) downloading, progress: 33.67 (4434247762 / 13169070990)
 Update state (0x61) downloading, progress: 33.71 (4439490642 / 13169070990)
 Update state (0x61) downloading, progress: 33.79 (4449976402 / 13169070990)
 Update state (0x61) downloading, progress: 33.84 (4456267858 / 13169070990)
 Update state (0x61) downloading, progress: 33.90 (4464656466 / 13169070990)
 Update state (0x61) downloading, progress: 33.96 (4471996498 / 13169070990)
 Update state (0x61) downloading, progress: 34.02 (4480385106 / 13169070990)
 Update state (0x61) downloading, progress: 34.09 (4489822290 / 13169070990)
 Update state (0x61) downloading, progress: 34.17 (4500308050 / 13169070990)
 Update state (0x61) downloading, progress: 34.25 (4510793810 / 13169070990)
 Update state (0x61) downloading, progress: 34.32 (4520230994 / 13169070990)
 Update state (0x61) downloading, progress: 34.38 (4527571026 / 13169070990)
 Update state (0x61) downloading, progress: 34.46 (4538056786 / 13169070990)
 Update state (0x61) downloading, progress: 34.54 (4548542546 / 13169070990)
 Update state (0x61) downloading, progress: 34.60 (4556414874 / 13169070990)
 Update state (0x61) downloading, progress: 34.69 (4567949210 / 13169070990)
 Update state (0x61) downloading, progress: 34.76 (4577386394 / 13169070990)
 Update state (0x61) downloading, progress: 34.83 (4586823578 / 13169070990)
 Update state (0x61) downloading, progress: 34.90 (4596445622 / 13169070990)
 Update state (0x61) downloading, progress: 34.97 (4604834230 / 13169070990)
 Update state (0x61) downloading, progress: 35.03 (4612896276 / 13169070990)
 Update state (0x61) downloading, progress: 35.09 (4621611446 / 13169070990)
 Update state (0x61) downloading, progress: 35.14 (4627887406 / 13169070990)
 Update state (0x61) downloading, progress: 35.21 (4637324590 / 13169070990)
 Update state (0x61) downloading, progress: 35.29 (4646761774 / 13169070990)
 Update state (0x61) downloading, progress: 35.33 (4652383582 / 13169070990)
 Update state (0x61) downloading, progress: 35.40 (4662303442 / 13169070990)
 Update state (0x61) downloading, progress: 35.48 (4671740626 / 13169070990)
 Update state (0x61) downloading, progress: 35.51 (4675934930 / 13169070990)
 Update state (0x61) downloading, progress: 35.59 (4686420690 / 13169070990)
 Update state (0x61) downloading, progress: 35.67 (4696906450 / 13169070990)
 Update state (0x61) downloading, progress: 35.71 (4703197906 / 13169070990)
 Update state (0x61) downloading, progress: 35.79 (4712635090 / 13169070990)
 Update state (0x61) downloading, progress: 35.85 (4721023698 / 13169070990)
 Update state (0x61) downloading, progress: 35.92 (4730460882 / 13169070990)
 Update state (0x61) downloading, progress: 36.00 (4740946642 / 13169070990)
 Update state (0x61) downloading, progress: 36.06 (4749335250 / 13169070990)
 Update state (0x61) downloading, progress: 36.13 (4757723858 / 13169070990)
 Update state (0x61) downloading, progress: 36.20 (4767161042 / 13169070990)
 Update state (0x61) downloading, progress: 36.28 (4777646802 / 13169070990)
 Update state (0x61) downloading, progress: 36.34 (4784986834 / 13169070990)
 Update state (0x61) downloading, progress: 36.39 (4792326866 / 13169070990)
 Update state (0x61) downloading, progress: 36.45 (4800715474 / 13169070990)
 Update state (0x61) downloading, progress: 36.52 (4809104082 / 13169070990)
 Update state (0x61) downloading, progress: 36.56 (4814346962 / 13169070990)
 Update state (0x61) downloading, progress: 36.64 (4824832722 / 13169070990)
 Update state (0x61) downloading, progress: 36.69 (4832172754 / 13169070990)
 Update state (0x61) downloading, progress: 36.77 (4842299214 / 13169070990)
 Update state (0x61) downloading, progress: 36.82 (4848405810 / 13169070990)
 Update state (0x61) downloading, progress: 36.89 (4857842994 / 13169070990)
 Update state (0x61) downloading, progress: 36.97 (4868328754 / 13169070990)
 Update state (0x61) downloading, progress: 37.02 (4875668786 / 13169070990)
 Update state (0x61) downloading, progress: 37.10 (4885105970 / 13169070990)
 Update state (0x61) downloading, progress: 37.16 (4894137006 / 13169070990)
 Update state (0x61) downloading, progress: 37.24 (4903798936 / 13169070990)
 Update state (0x61) downloading, progress: 37.31 (4913236120 / 13169070990)
 Update state (0x61) downloading, progress: 37.37 (4921624728 / 13169070990)
 Update state (0x61) downloading, progress: 37.40 (4925819032 / 13169070990)
 Update state (0x61) downloading, progress: 37.46 (4933159064 / 13169070990)
 Update state (0x61) downloading, progress: 37.52 (4941547672 / 13169070990)
 Update state (0x61) downloading, progress: 37.59 (4949936280 / 13169070990)
 Update state (0x61) downloading, progress: 37.64 (4956963314 / 13169070990)
 Update state (0x61) downloading, progress: 37.70 (4964303346 / 13169070990)
 Update state (0x61) downloading, progress: 37.75 (4971643378 / 13169070990)
 Update state (0x61) downloading, progress: 37.82 (4980031986 / 13169070990)
 Update state (0x61) downloading, progress: 37.88 (4988420594 / 13169070990)
 Update state (0x61) downloading, progress: 37.95 (4997857778 / 13169070990)
 Update state (0x61) downloading, progress: 38.02 (5007294962 / 13169070990)
 Update state (0x61) downloading, progress: 38.07 (5013586418 / 13169070990)
 Update state (0x61) downloading, progress: 38.15 (5024072178 / 13169070990)
 Update state (0x61) downloading, progress: 38.21 (5032460786 / 13169070990)
 Update state (0x61) downloading, progress: 38.28 (5040849394 / 13169070990)
 Update state (0x61) downloading, progress: 38.31 (5045043698 / 13169070990)
 Update state (0x61) downloading, progress: 38.40 (5056370554 / 13169070990)
 Update state (0x61) downloading, progress: 38.45 (5063710586 / 13169070990)
 Update state (0x61) downloading, progress: 38.52 (5073147770 / 13169070990)
 Update state (0x61) downloading, progress: 38.59 (5081571838 / 13169070990)
 Update state (0x61) downloading, progress: 38.66 (5091169914 / 13169070990)
 Update state (0x61) downloading, progress: 38.73 (5100406148 / 13169070990)
 Update state (0x61) downloading, progress: 38.79 (5107746180 / 13169070990)
 Update state (0x61) downloading, progress: 38.87 (5119280516 / 13169070990)
 Update state (0x61) downloading, progress: 38.92 (5125571972 / 13169070990)
 Update state (0x61) downloading, progress: 38.99 (5135009156 / 13169070990)
 Update state (0x61) downloading, progress: 39.06 (5143397764 / 13169070990)
 Update state (0x61) downloading, progress: 39.14 (5153883524 / 13169070990)
 Update state (0x61) downloading, progress: 39.22 (5164278902 / 13169070990)
 Update state (0x61) downloading, progress: 39.29 (5173716086 / 13169070990)
 Update state (0x61) downloading, progress: 39.35 (5181557080 / 13169070990)
 Update state (0x61) downloading, progress: 39.44 (5194139992 / 13169070990)
 Update state (0x61) downloading, progress: 39.49 (5200431448 / 13169070990)
 Update state (0x61) downloading, progress: 39.56 (5209868632 / 13169070990)
 Update state (0x61) downloading, progress: 39.61 (5216878372 / 13169070990)
 Update state (0x61) downloading, progress: 39.69 (5226315556 / 13169070990)
 Update state (0x61) downloading, progress: 39.74 (5233655588 / 13169070990)
 Update state (0x61) downloading, progress: 39.81 (5242893232 / 13169070990)
 Update state (0x61) downloading, progress: 39.86 (5249184688 / 13169070990)
 Update state (0x61) downloading, progress: 39.92 (5256799028 / 13169070990)
 Update state (0x61) downloading, progress: 39.98 (5265091452 / 13169070990)
 Update state (0x61) downloading, progress: 40.03 (5271382908 / 13169070990)
 Update state (0x61) downloading, progress: 40.08 (5277674364 / 13169070990)
 Update state (0x61) downloading, progress: 40.12 (5283965820 / 13169070990)
 Update state (0x61) downloading, progress: 40.18 (5291305852 / 13169070990)
 Update state (0x61) downloading, progress: 40.23 (5297597308 / 13169070990)
 Update state (0x61) downloading, progress: 40.28 (5304937340 / 13169070990)
 Update state (0x61) downloading, progress: 40.34 (5312277372 / 13169070990)
 Update state (0x61) downloading, progress: 40.39 (5318568828 / 13169070990)
 Update state (0x61) downloading, progress: 40.46 (5327742332 / 13169070990)
 Update state (0x61) downloading, progress: 40.49 (5332707924 / 13169070990)
 Update state (0x61) downloading, progress: 40.55 (5340047956 / 13169070990)
 Update state (0x61) downloading, progress: 40.58 (5344242260 / 13169070990)
 Update state (0x61) downloading, progress: 40.64 (5351582292 / 13169070990)
 Update state (0x61) downloading, progress: 40.70 (5359789929 / 13169070990)
 Update state (0x61) downloading, progress: 40.72 (5362935657 / 13169070990)
 Update state (0x61) downloading, progress: 40.80 (5372372841 / 13169070990)
 Update state (0x61) downloading, progress: 40.85 (5379712873 / 13169070990)
 Update state (0x61) downloading, progress: 40.91 (5387972072 / 13169070990)
 Update state (0x61) downloading, progress: 40.97 (5395312104 / 13169070990)
 Update state (0x61) downloading, progress: 41.04 (5404749288 / 13169070990)
 Update state (0x61) downloading, progress: 41.10 (5412089320 / 13169070990)
 Update state (0x61) downloading, progress: 41.18 (5422575080 / 13169070990)
 Update state (0x61) downloading, progress: 41.24 (5430963688 / 13169070990)
 Update state (0x61) downloading, progress: 41.31 (5440400872 / 13169070990)
 Update state (0x61) downloading, progress: 41.45 (5458226664 / 13169070990)
 Update state (0x61) downloading, progress: 41.53 (5468928518 / 13169070990)
 Update state (0x61) downloading, progress: 41.63 (5482210246 / 13169070990)
 Update state (0x61) downloading, progress: 41.69 (5489550278 / 13169070990)
 Update state (0x61) downloading, progress: 41.76 (5500036038 / 13169070990)
 Update state (0x61) downloading, progress: 41.81 (5506327494 / 13169070990)
 Update state (0x61) downloading, progress: 41.85 (5511581814 / 13169070990)
 Update state (0x61) downloading, progress: 41.91 (5519666038 / 13169070990)
 Update state (0x61) downloading, progress: 41.97 (5527006070 / 13169070990)
 Update state (0x61) downloading, progress: 42.03 (5535053606 / 13169070990)
 Update state (0x61) downloading, progress: 42.08 (5541345062 / 13169070990)
 Update state (0x61) downloading, progress: 42.14 (5549733670 / 13169070990)
 Update state (0x61) downloading, progress: 42.19 (5556025126 / 13169070990)
 Update state (0x61) downloading, progress: 42.26 (5565462310 / 13169070990)
 Update state (0x61) downloading, progress: 42.29 (5569656614 / 13169070990)
 Update state (0x61) downloading, progress: 42.37 (5580142374 / 13169070990)
 Update state (0x61) downloading, progress: 42.40 (5584336678 / 13169070990)
 Update state (0x61) downloading, progress: 42.49 (5595128473 / 13169070990)
 Update state (0x61) downloading, progress: 42.53 (5601269380 / 13169070990)
 Update state (0x61) downloading, progress: 42.63 (5613852292 / 13169070990)
 Update state (0x61) downloading, progress: 42.68 (5620843020 / 13169070990)
 Update state (0x61) downloading, progress: 42.76 (5631328780 / 13169070990)
 Update state (0x61) downloading, progress: 42.85 (5642863116 / 13169070990)
 Update state (0x61) downloading, progress: 42.91 (5650203148 / 13169070990)
 Update state (0x61) downloading, progress: 42.94 (5655446028 / 13169070990)
Error! App '346680' state is 0x602 after update job.
[0;33mWarning![0m SteamCMD did not complete the download, retrying: Attempt 3
ERROR: ld.so: object '/usr/libexec/coreutils/libstdbuf.so' from LD_PRELOAD cannot be preloaded: ignored.
Redirecting stderr to '/home/lgsm/Steam/logs/stderr.txt'
[----] Verifying installation...
[----] !!! Fatal Error: Steam needs 250MB of free disk space to update.
[0;33mWarning![0m SteamCMD did not complete the download, retrying: Attempt 4
ERROR: ld.so: object '/usr/libexec/coreutils/libstdbuf.so' from LD_PRELOAD cannot be preloaded: ignored.
Redirecting stderr to '/home/lgsm/Steam/logs/stderr.txt'
[----] Verifying installation...
[----] !!! Fatal Error: Steam needs 250MB of free disk space to update.
Steam Console Client (c) Valve Corporation
-- type 'quit' to exit --
Loading Steam API...Created shared memory when not owner SteamController_Shared_mem
OK.

Connecting anonymously to Steam Public...Logged in OK
Waiting for license info...OK
 Update state (0x3) reconfiguring, progress: 0.00 (0 / 0)
depotreconstruct.cpp (584) : Assertion Failed: m_PatchStateFile.BIsOpen()
../tier1/fileio.cpp (4088) : Assertion Failed: m_vecRegisteredWriters.HasElement( pFile )
Error! App '346680' state is 0x602 after update job.
[0;33mWarning![0m SteamCMD did not complete the download, retrying: Attempt 5
ERROR: ld.so: object '/usr/libexec/coreutils/libstdbuf.so' from LD_PRELOAD cannot be preloaded: ignored.
Redirecting stderr to '/home/lgsm/Steam/logs/stderr.txt'
[----] Verifying installation...
[----] !!! Fatal Error: Steam needs 250MB of free disk space to update.
Steam Console Client (c) Valve Corporation
-- type 'quit' to exit --
Loading Steam API...Created shared memory when not owner SteamController_Shared_mem
OK.

Connecting anonymously to Steam Public...Logged in OK
Waiting for license info...OK
 Update state (0x0) : Timed out waiting for update to start, bailing.
Error! App '346680' state is 0x602 after update job.
[0;33mWarning![0m SteamCMD did not complete the download, retrying: Attempt 6
ERROR: ld.so: object '/usr/libexec/coreutils/libstdbuf.so' from LD_PRELOAD cannot be preloaded: ignored.
Redirecting stderr to '/home/lgsm/Steam/logs/stderr.txt'
[----] Verifying installation...
[----] !!! Fatal Error: Steam needs 250MB of free disk space to update.
Steam Console Client (c) Valve Corporation
-- type 'quit' to exit --
Loading Steam API...Created shared memory when not owner SteamController_Shared_mem
OK.

Connecting anonymously to Steam Public...Logged in OK
Waiting for license info...OK
 Update state (0x0) unknown, progress: 0.00 (0 / 35818608)
Error! App '346680' state is 0x602 after update job.
[0;33mWarning![0m SteamCMD did not complete the download, retrying: Attempt 7
Removing 
ERROR: ld.so: object '/usr/libexec/coreutils/libstdbuf.so' from LD_PRELOAD cannot be preloaded: ignored.
Redirecting stderr to '/home/lgsm/Steam/logs/stderr.txt'
[----] Verifying installation...
[----] !!! Fatal Error: Steam needs 250MB of free disk space to update.
Steam Console Client (c) Valve Corporation
-- type 'quit' to exit --
Loading Steam API...Created shared memory when not owner SteamController_Shared_mem
OK.

Connecting anonymously to Steam Public...Logged in OK
Waiting for license info...OK
 Update state (0x0) unknown, progress: 0.00 (0 / 35818608)
Error! App '346680' state is 0x602 after update job.
[0;33mWarning![0m SteamCMD did not complete the download, retrying: Attempt 8
Removing 
ERROR: ld.so: object '/usr/libexec/coreutils/libstdbuf.so' from LD_PRELOAD cannot be preloaded: ignored.
Redirecting stderr to '/home/lgsm/Steam/logs/stderr.txt'
[----] Verifying installation...
[----] !!! Fatal Error: Steam needs 250MB of free disk space to update.
Steam Console Client (c) Valve Corporation
-- type 'quit' to exit --
Loading Steam API...Created shared memory when not owner SteamController_Shared_mem
OK.

Connecting anonymously to Steam Public...Logged in OK
Waiting for license info...OK
 Update state (0x0) : Timed out waiting for update to start, bailing.
Error! App '346680' state is 0x602 after update job.
[0;33mWarning![0m SteamCMD did not complete the download, retrying: Attempt 9
Removing 
mkdir: created directory ‘/home/lgsm/linuxgsm/BlackMesa/steamcmd’
extracting steamcmd_linux.tar.gz...[0;32mOK[0m
stdbuf: failed to run command ‘./steamcmd.sh’: No such file or directory
[0;33mWarning![0m SteamCMD did not complete the download, retrying: Attempt 10
Removing 
mkdir: created directory ‘/home/lgsm/linuxgsm/BlackMesa/steamcmd’
extracting steamcmd_linux.tar.gz...[0;32mOK[0m
stdbuf: failed to run command ‘./steamcmd.sh’: No such file or directory
[0;31mFailure![0m SteamCMD did not complete the download, too many retrys
    fetching install_config.sh...[0;32mOK[0m

Creating Configs
=================================
mkdir: created directory ‘/home/lgsm/linuxgsm/BlackMesa/serverfiles/bms’
mkdir: created directory ‘/home/lgsm/linuxgsm/BlackMesa/serverfiles/bms/cfg’
downloading lgsm-default.cfg...creating bmdm-server.cfg config file.
cp: cannot stat ‘/home/lgsm/linuxgsm/BlackMesa/serverfiles/bms/cfg/lgsm-default.cfg’: No such file or directory
creating server.cfg.
creating redirect.
server.cfg > bmdm-server.cfg.
changing hostname.
sed: can't read /home/lgsm/linuxgsm/BlackMesa/serverfiles/bms/cfg/bmdm-server.cfg: No such file or directory
changing rconpassword.
sed: can't read /home/lgsm/linuxgsm/BlackMesa/serverfiles/bms/cfg/bmdm-server.cfg: No such file or directory

    fetching fix.sh...[0;32mOK[0m
    fetching install_complete.sh...[0;32mOK[0m
=================================
Install Complete!

To start server type:
./bmdmserver start

    fetching command_start.sh...[0;32mOK[0m
    fetching check_system_dir.sh...[0;32mOK[0m
    fetching check_logs.sh...[0;32mOK[0m
    fetching check_ip.sh...[0;32mOK[0m
    fetching check_tmux.sh...[0;32mOK[0m
    fetching check_config.sh...[0;32mOK[0m
[K[[1;33m WARN [0m] Starting bmdm-server: Config file missing!
/home/lgsm/linuxgsm/BlackMesa/serverfiles/bms/cfg/bmdm-server.cfg
    fetching check_status.sh...[0;32mOK[0m
    fetching fix_steamcmd.sh...[0;32mOK[0m
[K[ .... ] Starting bmdm-server: Applying steamclient.so general fix: Black Mesa: Deathmatch[K[[0;36m INFO [0m] Starting bmdm-server: Applying steamclient.so general fix: Black Mesa: Deathmatchcp: cannot stat ‘/home/lgsm/linuxgsm/BlackMesa/steamcmd/linux32/steamclient.so’: No such file or directory
[K[[0;31m FAIL [0m] Starting bmdm-server: Applying steamclient.so general fix: Black Mesa: Deathmatch
    fetching fix_glibc.sh...[0;32mOK[0m
    fetching info_config.sh...[0;32mOK[0m
    fetching logs.sh...[0;32mOK[0m
[K[ .... ] Starting bmdm-server: [0;31mUNAVAILABLE[0m[K[[0;31m FAIL [0m] Starting bmdm-server: Unable to start [0;31mUNAVAILABLE[0m
